\BOOKMARK [0][]{chapter.1}{\376\377\0001\000\040\130\360\146\016}{}% 1
\BOOKMARK [0][]{chapter.2}{\376\377\0002\000\040\215\050\160\271\217\320\122\250\133\146}{}% 2
\BOOKMARK [1][]{section.2.1}{\376\377\0002\000.\0001\000\040\117\134\116\032\116\140\230\230}{chapter.2}% 3
\BOOKMARK [1][]{section.2.2}{\376\377\0002\000.\0002\000\040\116\140\230\230\123\302\200\003\173\124\150\110}{chapter.2}% 4
\BOOKMARK [0][]{chapter.3}{\376\377\0003\000\040\162\133\230\177\133\232\137\213}{}% 5
\BOOKMARK [1][]{section.3.1}{\376\377\0003\000.\0001\000\040\117\134\116\032\116\140\230\230}{chapter.3}% 6
\BOOKMARK [1][]{section.3.2}{\376\377\0003\000.\0002\000\040\116\140\230\230\123\302\200\003\173\124\150\110}{chapter.3}% 7
\BOOKMARK [0][]{chapter.4}{\376\377\0004\000\040\217\320\122\250\133\146\162\133\230\177\133\232\137\213\116\140\230\230\213\376}{}% 8
\BOOKMARK [1][]{section.4.1}{\376\377\0004\000.\0001\000\040\117\134\116\032\116\140\230\230}{chapter.4}% 9
\BOOKMARK [1][]{section.4.2}{\376\377\0004\000.\0002\000\040\116\140\230\230\123\302\200\003\173\124\150\110}{chapter.4}% 10
\BOOKMARK [0][]{chapter.5}{\376\377\0005\000\040\122\250\221\317\060\001\200\375\221\317\133\210\140\122}{}% 11
\BOOKMARK [1][]{section.5.1}{\376\377\0005\000.\0001\000\040\117\134\116\032\116\140\230\230}{chapter.5}% 12
\BOOKMARK [1][]{section.5.2}{\376\377\0005\000.\0002\000\040\116\140\230\230\123\302\200\003\173\124\150\110}{chapter.5}% 13
\BOOKMARK [0][]{chapter.6}{\376\377\0006\000\040\122\250\221\317\200\375\221\317\116\140\230\230\213\376}{}% 14
\BOOKMARK [1][]{section.6.1}{\376\377\0006\000.\0001\000\040\117\134\116\032\116\140\230\230}{chapter.6}% 15
\BOOKMARK [1][]{section.6.2}{\376\377\0006\000.\0002\000\040\116\140\230\230\123\302\200\003\173\124\150\110}{chapter.6}% 16
\BOOKMARK [0][]{chapter.7}{\376\377\0007\000\040\122\032\117\123\122\233\133\146}{}% 17
\BOOKMARK [1][]{section.7.1}{\376\377\0007\000.\0001\000\040\117\134\116\032\116\140\230\230}{chapter.7}% 18
\BOOKMARK [1][]{section.7.2}{\376\377\0007\000.\0002\000\040\116\140\230\230\123\302\200\003\173\124\150\110}{chapter.7}% 19
\BOOKMARK [0][]{chapter.8}{\376\377\0008\000\040\122\032\117\123\122\233\133\146\116\140\230\230\213\376}{}% 20
\BOOKMARK [1][]{section.8.1}{\376\377\0008\000.\0001\000\040\117\134\116\032\116\140\230\230}{chapter.8}% 21
\BOOKMARK [1][]{section.8.2}{\376\377\0008\000.\0002\000\040\116\140\230\230\123\302\200\003\173\124\150\110}{chapter.8}% 22
\BOOKMARK [0][]{chapter.9}{\376\377\0009\000\040\227\131\165\065\127\072}{}% 23
\BOOKMARK [1][]{section.9.1}{\376\377\0009\000.\0001\000\040\117\134\116\032\116\140\230\230}{chapter.9}% 24
\BOOKMARK [0][]{chapter.10}{\376\377\0001\0000\000\040\127\072\137\072\060\001\165\065\122\277\116\140\230\230\213\376}{}% 25
\BOOKMARK [1][]{section.10.1}{\376\377\0001\0000\000.\0001\000\040\117\134\116\032\116\140\230\230}{chapter.10}% 26
