\BOOKMARK [0][]{chapter.1}{\376\377\0001\000\040\232\154\121\113\140\035\116\073\116\111\116\055\126\375\123\026\166\204\116\044\131\047\164\006\213\272\142\020\147\234}{}% 1
\BOOKMARK [1][]{section.1.1}{\376\377\0001\000.\0001\000\040\232\154\121\113\140\035\116\073\116\111\116\055\126\375\123\026\123\312\121\166\123\321\134\125}{chapter.1}% 2
\BOOKMARK [2][]{subsection.1.1.1}{\376\377\0001\000.\0001\000.\0001\000\040\232\154\121\113\140\035\116\073\116\111\116\055\126\375\123\026\166\204\143\320\121\372}{section.1.1}% 3
\BOOKMARK [2][]{subsection.1.1.2}{\376\377\0001\000.\0001\000.\0002\000\040\232\154\121\113\140\035\116\073\116\111\116\055\126\375\123\026\166\204\171\321\133\146\121\205\155\265}{section.1.1}% 4
\BOOKMARK [2][]{subsection.1.1.3}{\376\377\0001\000.\0001\000.\0003\000\040\232\154\121\113\140\035\116\073\116\111\116\055\126\375\123\026\116\044\131\047\164\006\213\272\142\020\147\234\166\204\121\163\174\373}{section.1.1}% 5
\BOOKMARK [1][]{section.1.2}{\376\377\0001\000.\0002\000\040\153\333\154\375\116\034\140\035\140\363}{chapter.1}% 6
\BOOKMARK [2][]{subsection.1.2.1}{\376\377\0001\000.\0002\000.\0001\000\040\153\333\154\375\116\034\140\035\140\363\166\204\137\142\142\020\124\214\123\321\134\125}{section.1.2}% 7
\BOOKMARK [2][]{subsection.1.2.2}{\376\377\0001\000.\0002\000.\0002\000\040\153\333\154\375\116\034\140\035\140\363\166\204\116\073\211\201\121\205\133\271\124\214\155\073\166\204\160\165\233\102}{section.1.2}% 8
\BOOKMARK [1][]{section.1.3}{\376\377\0001\000.\0003\000\040\116\055\126\375\162\171\202\162\171\076\117\032\116\073\116\111\164\006\213\272\117\123\174\373}{chapter.1}% 9
\BOOKMARK [2][]{subsection.1.3.1}{\376\377\0001\000.\0003\000.\0001\000\040\116\055\126\375\162\171\202\162\171\076\117\032\116\073\116\111\164\006\213\272\117\123\174\373\166\204\137\142\142\020\124\214\123\321\134\125}{section.1.3}% 10
\BOOKMARK [2][]{subsection.1.3.2}{\376\377\0001\000.\0003\000.\0002\000\040\116\055\126\375\162\171\202\162\171\076\117\032\116\073\116\111\164\006\213\272\117\123\174\373\166\204\150\071\147\054\162\171\137\201}{section.1.3}% 11
\BOOKMARK [2][]{subsection.1.3.3}{\376\377\0001\000.\0003\000.\0003\000\040\116\055\126\375\162\171\202\162\171\076\117\032\116\073\116\111\164\006\213\272\117\123\174\373\166\204\116\073\211\201\121\205\133\271}{section.1.3}% 12
\BOOKMARK [2][]{subsection.1.3.4}{\376\377\0001\000.\0003\000.\0004\000\040\116\055\126\375\162\171\202\162\171\076\117\032\116\073\116\111\164\006\213\272\117\123\174\373\166\204\147\000\145\260\142\020\147\234}{section.1.3}% 13
\BOOKMARK [2][]{subsection.1.3.5}{\376\377\0001\000.\0003\000.\0005\000\040\116\055\126\375\162\171\202\162\171\076\117\032\116\073\116\111\164\006\213\272\117\123\174\373\166\204\123\206\123\362\127\060\117\115}{section.1.3}% 14
\BOOKMARK [2][]{subsection.1.3.6}{\376\377\0001\000.\0003\000.\0006\000\040\126\333\116\052\201\352\117\341}{section.1.3}% 15
\BOOKMARK [1][]{section.1.4}{\376\377\0001\000.\0004\000\040\140\035\140\363\215\357\176\277\116\016\164\006\213\272\174\276\232\323}{chapter.1}% 16
\BOOKMARK [2][]{subsection.1.4.1}{\376\377\0001\000.\0004\000.\0001\000\040\133\236\116\213\154\102\146\057\140\035\140\363\215\357\176\277\166\204\137\142\142\020\124\214\123\321\134\125}{section.1.4}% 17
\BOOKMARK [2][]{subsection.1.4.2}{\376\377\0001\000.\0004\000.\0002\000\040\133\236\116\213\154\102\146\057\140\035\140\363\215\357\176\277\166\204\171\321\133\146\121\205\155\265}{section.1.4}% 18
\BOOKMARK [2][]{subsection.1.4.3}{\376\377\0001\000.\0004\000.\0003\000\040\133\236\116\213\154\102\146\057\232\154\121\113\140\035\116\073\116\111\116\055\126\375\123\026\164\006\213\272\142\020\147\234\166\204\174\276\232\323}{section.1.4}% 19
\BOOKMARK [0][]{chapter.2}{\376\377\0002\000\040\145\260\154\021\116\073\116\073\116\111\227\151\124\175}{}% 20
\BOOKMARK [1][]{section.2.1}{\376\377\0002\000.\0001\000\040\145\260\154\021\116\073\116\073\116\111\227\151\124\175\164\006\213\272\166\204\137\142\142\020}{chapter.2}% 21
\BOOKMARK [2][]{subsection.2.1.1}{\376\377\0002\000.\0001\000.\0001\000\040\217\321\116\343\116\055\126\375\126\375\140\305\124\214\116\055\126\375\227\151\124\175\166\204\145\366\116\343\162\171\137\201}{section.2.1}% 22
\BOOKMARK [2][]{subsection.2.1.2}{\376\377\0002\000.\0001\000.\0002\000\040\116\055\126\375\145\260\154\021\116\073\116\073\116\111\227\151\124\175\164\006\213\272\166\204\133\236\215\365\127\372\170\100}{section.2.1}% 23
