\BOOKMARK [0][]{chapter.1}{\376\377\0001\000\040\130\360\146\016}{}% 1
\BOOKMARK [0][]{chapter.2}{\376\377\0002\000\040\122\006\147\220\127\372\170\100}{}% 2
\BOOKMARK [1][]{section.2.1}{\376\377\0002\000.\0001\000\040\133\236\145\160\121\161\164\006\060\001\170\156\165\114\060\001\116\015\173\111\137\017}{chapter.2}% 3
\BOOKMARK [1][]{section.2.2}{\376\377\0002\000.\0002\000\040\121\375\145\160}{chapter.2}% 4
\BOOKMARK [1][]{section.2.3}{\376\377\0002\000.\0003\000\040\136\217\122\027\147\201\226\120}{chapter.2}% 5
\BOOKMARK [1][]{section.2.4}{\376\377\0002\000.\0004\000\040\121\375\145\160\147\201\226\120\116\016\217\336\176\355\151\202\137\365}{chapter.2}% 6
\BOOKMARK [1][]{section.2.5}{\376\377\0002\000.\0005\000\040\225\355\123\072\225\364\116\012\217\336\176\355\121\375\145\160\166\204\140\047\215\050}{chapter.2}% 7
\BOOKMARK [0][]{chapter.3}{\376\377\0003\000\040\116\000\121\103\121\375\145\160\137\256\122\006\133\146}{}% 8
\BOOKMARK [1][]{section.3.1}{\376\377\0003\000.\0001\000\040\133\374\145\160\124\214\137\256\122\006}{chapter.3}% 9
\BOOKMARK [1][]{section.3.2}{\376\377\0003\000.\0002\000\040\137\256\122\006\116\055\120\074\133\232\164\006}{chapter.3}% 10
\BOOKMARK [1][]{section.3.3}{\376\377\0003\000.\0003\000\040\121\375\145\160\166\204\123\107\226\115\060\001\147\201\120\074\060\001\147\000\120\074\225\356\230\230}{chapter.3}% 11
\BOOKMARK [1][]{section.3.4}{\376\377\0003\000.\0004\000\040\121\375\145\160\166\204\121\371\121\370\140\047\060\001\142\320\160\271\123\312\121\375\145\160\117\134\126\376}{chapter.3}% 12
\BOOKMARK [1][]{section.3.5}{\376\377\0003\000.\0005\000\040\155\033\137\305\217\276\154\325\122\031\116\016\154\360\122\322\121\154\137\017}{chapter.3}% 13
\BOOKMARK [1][]{section.3.6}{\376\377\0003\000.\0006\000\040\116\000\121\103\121\375\145\160\137\256\122\006\133\146\166\204\140\073\124\010\136\224\165\050}{chapter.3}% 14
\BOOKMARK [0][]{chapter.4}{\376\377\0004\000\040\116\000\121\103\121\375\145\160\171\357\122\006\133\146}{}% 15
\BOOKMARK [1][]{section.4.1}{\376\377\0004\000.\0001\000\040\116\015\133\232\171\357\122\006\124\214\123\357\171\357\121\375\145\160\174\173}{chapter.4}% 16
\BOOKMARK [1][]{section.4.2}{\376\377\0004\000.\0002\000\040\133\232\171\357\122\006\151\202\137\365\060\001\123\357\171\357\147\141\116\366\116\016\133\232\171\357\122\006\140\047\215\050}{chapter.4}% 17
\BOOKMARK [1][]{section.4.3}{\376\377\0004\000.\0003\000\040\123\330\226\120\133\232\171\357\122\006\060\001\137\256\171\357\122\006\127\372\147\054\123\237\164\006\060\001\133\232\171\357\122\006\166\204\143\142\121\103\154\325}{chapter.4}% 18
\BOOKMARK [1][]{section.4.4}{\376\377\0004\000.\0004\000\040\133\232\171\357\122\006\166\204\136\224\165\050}{chapter.4}% 19
\BOOKMARK [1][]{section.4.5}{\376\377\0004\000.\0005\000\040\136\177\116\111\171\357\122\006}{chapter.4}% 20
\BOOKMARK [0][]{chapter.5}{\376\377\0005\000\040\176\247\145\160}{}% 21
\BOOKMARK [1][]{section.5.1}{\376\377\0005\000.\0001\000\040\176\247\145\160\145\133\145\143\122\044\122\053\154\325\116\016\140\047\215\050\060\001\116\012\147\201\226\120\116\016\116\013\147\201\226\120}{chapter.5}% 22
\BOOKMARK [1][]{section.5.2}{\376\377\0005\000.\0002\000\040\121\375\145\160\176\247\145\160}{chapter.5}% 23
\BOOKMARK [1][]{section.5.3}{\376\377\0005\000.\0003\000\040\136\102\121\375\145\160}{chapter.5}% 24
\BOOKMARK [1][]{section.5.4}{\376\377\0005\000.\0004\000\040\120\205\154\017\176\247\145\160\166\204\145\066\145\133\140\047\060\001\136\163\127\107\145\066\145\133\116\016\116\000\201\364\145\066\145\133}{chapter.5}% 25
\BOOKMARK [0][]{chapter.6}{\376\377\0006\000\040\131\032\121\103\121\375\145\160\171\357\122\006\133\146}{}% 26
\BOOKMARK [1][]{section.6.1}{\376\377\0006\000.\0001\000\040\153\047\137\017\172\172\225\364\060\001\131\032\121\103\121\375\145\160\166\204\147\201\226\120\116\016\217\336\176\355}{chapter.6}% 27
\BOOKMARK [1][]{section.6.2}{\376\377\0006\000.\0002\000\040\120\117\133\374\145\160\116\016\137\256\122\006}{chapter.6}% 28
\BOOKMARK [1][]{section.6.3}{\376\377\0006\000.\0003\000\040\123\315\121\375\145\160\116\016\226\220\121\375\145\160}{chapter.6}% 29
\BOOKMARK [1][]{section.6.4}{\376\377\0006\000.\0004\000\040\122\007\172\172\225\364\116\016\147\201\120\074}{chapter.6}% 30
\BOOKMARK [1][]{section.6.5}{\376\377\0006\000.\0005\000\040\124\053\123\302\171\357\122\006\166\204\133\232\171\357\122\006}{chapter.6}% 31
\BOOKMARK [1][]{section.6.6}{\376\377\0006\000.\0006\000\040\124\053\123\302\171\357\122\006\166\204\136\177\116\111\171\357\122\006}{chapter.6}% 32
\BOOKMARK [0][]{chapter.7}{\376\377\0007\000\040\131\032\121\103\121\375\145\160\171\357\122\006\133\146}{}% 33
\BOOKMARK [1][]{section.7.1}{\376\377\0007\000.\0001\000\040\221\315\171\357\122\006\166\204\151\202\137\365\116\016\140\047\215\050\060\001\221\315\171\357\122\006\123\026\175\057\153\041\171\357\122\006}{chapter.7}% 34
\BOOKMARK [1][]{section.7.2}{\376\377\0007\000.\0002\000\040\221\315\171\357\122\006\166\204\123\330\143\142}{chapter.7}% 35
\BOOKMARK [1][]{section.7.3}{\376\377\0007\000.\0003\000\040\146\362\176\277\171\357\122\006\116\016\150\074\147\227\121\154\137\017}{chapter.7}% 36
\BOOKMARK [1][]{section.7.4}{\376\377\0007\000.\0004\000\040\146\362\227\142\171\357\122\006}{chapter.7}% 37
\BOOKMARK [1][]{section.7.5}{\376\377\0007\000.\0005\000\040\131\145\154\017\171\357\122\006\060\001\145\257\142\130\121\113\145\257\121\154\137\017\060\001\176\277\171\357\122\006\116\016\215\357\137\204\145\340\121\163}{chapter.7}% 38
\BOOKMARK [1][]{section.7.6}{\376\377\0007\000.\0006\000\040\127\072\213\272}{chapter.7}% 39
\BOOKMARK [0][]{chapter.8}{\376\377\0008\000\040\121\170\127\213\176\374\124\010\230\230\122\006\147\220}{}% 40
\BOOKMARK [0][]{chapter.9}{\376\377\0009\000\040\226\104\137\125\123\312\116\000\116\233\213\364\146\016\116\213\230\171}{}% 41
