This is XeTeX, Version 3.14159265-2.6-0.999991 (TeX Live 2019/W32TeX) (preloaded format=xelatex 2020.1.16)  10 FEB 2020 11:44
entering extended mode
 restricted \write18 enabled.
 %&-line parsing enabled.
**maogai_chap1.tex
(./maogai_chap1.tex
LaTeX2e <2018-12-01>
! Undefined control sequence.
l.1 \chapter
            {马克思主义中国化的两大理论成果}
The control sequence at the end of the top line
of your error message was never \def'ed. If you have
misspelled it (e.g., `\hobx'), type `I' and the correct
spelling (e.g., `I\hbox'). Otherwise just continue,
and I'll forget about whatever was undefined.


! LaTeX Error: Missing \begin{document}.

See the LaTeX manual or LaTeX Companion for explanation.
Type  H <return>  for immediate help.
 ...                                              
                                                  
l.1 \chapter{马
              克思主义中国化的两大理论成果}
You're in trouble here.  Try typing  <return>  to proceed.
If that doesn't work, type  X <return>  to quit.

Missing character: There is no 马 in font nullfont!
Missing character: There is no 克 in font nullfont!
Missing character: There is no 思 in font nullfont!
Missing character: There is no 主 in font nullfont!
Missing character: There is no 义 in font nullfont!
Missing character: There is no 中 in font nullfont!
Missing character: There is no 国 in font nullfont!
Missing character: There is no 化 in font nullfont!
Missing character: There is no 的 in font nullfont!
Missing character: There is no 两 in font nullfont!
Missing character: There is no 大 in font nullfont!
Missing character: There is no 理 in font nullfont!
Missing character: There is no 论 in font nullfont!
Missing character: There is no 成 in font nullfont!
Missing character: There is no 果 in font nullfont!
! Undefined control sequence.
l.2 \section
            {马克思主义中国化及其发展}
The control sequence at the end of the top line
of your error message was never \def'ed. If you have
misspelled it (e.g., `\hobx'), type `I' and the correct
spelling (e.g., `I\hbox'). Otherwise just continue,
and I'll forget about whatever was undefined.

Missing character: There is no 马 in font nullfont!
Missing character: There is no 克 in font nullfont!
Missing character: There is no 思 in font nullfont!
Missing character: There is no 主 in font nullfont!
Missing character: There is no 义 in font nullfont!
Missing character: There is no 中 in font nullfont!
Missing character: There is no 国 in font nullfont!
Missing character: There is no 化 in font nullfont!
Missing character: There is no 及 in font nullfont!
Missing character: There is no 其 in font nullfont!
Missing character: There is no 发 in font nullfont!
Missing character: There is no 展 in font nullfont!
! Undefined control sequence.
l.3 \subsection
               {马克思主义中国化的提出}
The control sequence at the end of the top line
of your error message was never \def'ed. If you have
misspelled it (e.g., `\hobx'), type `I' and the correct
spelling (e.g., `I\hbox'). Otherwise just continue,
and I'll forget about whatever was undefined.

Missing character: There is no 马 in font nullfont!
Missing character: There is no 克 in font nullfont!
Missing character: There is no 思 in font nullfont!
Missing character: There is no 主 in font nullfont!
Missing character: There is no 义 in font nullfont!
Missing character: There is no 中 in font nullfont!
Missing character: There is no 国 in font nullfont!
Missing character: There is no 化 in font nullfont!
Missing character: There is no 的 in font nullfont!
Missing character: There is no 提 in font nullfont!
Missing character: There is no 出 in font nullfont!

Overfull \hbox (20.0pt too wide) in paragraph at lines 1--4
[]
 []


! LaTeX Error: Missing \begin{document}.

See the LaTeX manual or LaTeX Companion for explanation.
Type  H <return>  for immediate help.
 ...                                              
                                                  
l.5 中
     国共产党领导中国革命、建设和改革的过程，就是把马克思主义的基本原理同中国的具体实际结合起来，实现马克思主义中国化的过程。
You're in trouble here.  Try typing  <return>  to proceed.
If that doesn't work, type  X <return>  to quit.

Missing character: There is no 中 in font nullfont!
Missing character: There is no 国 in font nullfont!
Missing character: There is no 共 in font nullfont!
Missing character: There is no 产 in font nullfont!
Missing character: There is no 党 in font nullfont!
Missing character: There is no 领 in font nullfont!
Missing character: There is no 导 in font nullfont!
Missing character: There is no 中 in font nullfont!
Missing character: There is no 国 in font nullfont!
Missing character: There is no 革 in font nullfont!
Missing character: There is no 命 in font nullfont!
Missing character: There is no 、 in font nullfont!
Missing character: There is no 建 in font nullfont!
Missing character: There is no 设 in font nullfont!
Missing character: There is no 和 in font nullfont!
Missing character: There is no 改 in font nullfont!
Missing character: There is no 革 in font nullfont!
Missing character: There is no 的 in font nullfont!
Missing character: There is no 过 in font nullfont!
Missing character: There is no 程 in font nullfont!
Missing character: There is no ， in font nullfont!
Missing character: There is no 就 in font nullfont!
Missing character: There is no 是 in font nullfont!
Missing character: There is no 把 in font nullfont!
Missing character: There is no 马 in font nullfont!
Missing character: There is no 克 in font nullfont!
Missing character: There is no 思 in font nullfont!
Missing character: There is no 主 in font nullfont!
Missing character: There is no 义 in font nullfont!
Missing character: There is no 的 in font nullfont!
Missing character: There is no 基 in font nullfont!
Missing character: There is no 本 in font nullfont!
Missing character: There is no 原 in font nullfont!
Missing character: There is no 理 in font nullfont!
Missing character: There is no 同 in font nullfont!
Missing character: There is no 中 in font nullfont!
Missing character: There is no 国 in font nullfont!
Missing character: There is no 的 in font nullfont!
Missing character: There is no 具 in font nullfont!
Missing character: There is no 体 in font nullfont!
Missing character: There is no 实 in font nullfont!
Missing character: There is no 际 in font nullfont!
Missing character: There is no 结 in font nullfont!
Missing character: There is no 合 in font nullfont!
Missing character: There is no 起 in font nullfont!
Missing character: There is no 来 in font nullfont!
Missing character: There is no ， in font nullfont!
Missing character: There is no 实 in font nullfont!
Missing character: There is no 现 in font nullfont!
Missing character: There is no 马 in font nullfont!
Missing character: There is no 克 in font nullfont!
Missing character: There is no 思 in font nullfont!
Missing character: There is no 主 in font nullfont!
Missing character: There is no 义 in font nullfont!
Missing character: There is no 中 in font nullfont!
Missing character: There is no 国 in font nullfont!
Missing character: There is no 化 in font nullfont!
Missing character: There is no 的 in font nullfont!
Missing character: There is no 过 in font nullfont!
Missing character: There is no 程 in font nullfont!
Missing character: There is no 。 in font nullfont!

Overfull \hbox (20.0pt too wide) in paragraph at lines 5--6
[] 
 []

Missing character: There is no 党 in font nullfont!
Missing character: There is no 对 in font nullfont!
Missing character: There is no 这 in font nullfont!
Missing character: There is no 个 in font nullfont!
Missing character: There is no 问 in font nullfont!
Missing character: There is no 题 in font nullfont!
Missing character: There is no 的 in font nullfont!
Missing character: There is no 认 in font nullfont!
Missing character: There is no 识 in font nullfont!
Missing character: There is no ， in font nullfont!
Missing character: There is no 经 in font nullfont!
Missing character: There is no 历 in font nullfont!
Missing character: There is no 了 in font nullfont!
Missing character: There is no 一 in font nullfont!
Missing character: There is no 个 in font nullfont!
Missing character: There is no 过 in font nullfont!
Missing character: There is no 程 in font nullfont!
Missing character: There is no 。 in font nullfont!
Missing character: There is no 在 in font nullfont!
Missing character: There is no 1 in font nullfont!
Missing character: There is no 9 in font nullfont!
Missing character: There is no 3 in font nullfont!
Missing character: There is no 5 in font nullfont!
Missing character: There is no 年 in font nullfont!
Missing character: There is no 遵 in font nullfont!
Missing character: There is no 义 in font nullfont!
Missing character: There is no 会 in font nullfont!
Missing character: There is no 议 in font nullfont!
Missing character: There is no 之 in font nullfont!
Missing character: There is no 前 in font nullfont!
Missing character: There is no ， in font nullfont!
Missing character: There is no 党 in font nullfont!
Missing character: There is no 对 in font nullfont!
Missing character: There is no 马 in font nullfont!
Missing character: There is no 克 in font nullfont!
Missing character: There is no 思 in font nullfont!
Missing character: There is no 同 in font nullfont!
Missing character: There is no 中 in font nullfont!
Missing character: There is no 国 in font nullfont!
Missing character: There is no 实 in font nullfont!
Missing character: There is no 际 in font nullfont!
Missing character: There is no 结 in font nullfont!
Missing character: There is no 合 in font nullfont!
Missing character: There is no 还 in font nullfont!
Missing character: There is no 不 in font nullfont!
Missing character: There is no 够 in font nullfont!
Missing character: There is no 自 in font nullfont!
Missing character: There is no 觉 in font nullfont!
Missing character: There is no ， in font nullfont!
Missing character: There is no 使 in font nullfont!
Missing character: There is no 中 in font nullfont!
Missing character: There is no 国 in font nullfont!
Missing character: There is no 革 in font nullfont!
Missing character: There is no 命 in font nullfont!
Missing character: There is no 遭 in font nullfont!
Missing character: There is no 受 in font nullfont!
Missing character: There is no 严 in font nullfont!
Missing character: There is no 重 in font nullfont!
Missing character: There is no 挫 in font nullfont!
Missing character: There is no 折 in font nullfont!
Missing character: There is no 。 in font nullfont!
Missing character: There is no 毛 in font nullfont!
Missing character: There is no 泽 in font nullfont!
Missing character: There is no 东 in font nullfont!
Missing character: There is no 思 in font nullfont!
Missing character: There is no 想 in font nullfont!
Missing character: There is no 是 in font nullfont!
Missing character: There is no 党 in font nullfont!
Missing character: There is no 推 in font nullfont!
Missing character: There is no 进 in font nullfont!
Missing character: There is no 马 in font nullfont!
Missing character: There is no 克 in font nullfont!
Missing character: There is no 思 in font nullfont!
Missing character: There is no 主 in font nullfont!
Missing character: There is no 义 in font nullfont!
Missing character: There is no 中 in font nullfont!
Missing character: There is no 国 in font nullfont!
Missing character: There is no 化 in font nullfont!
Missing character: There is no 过 in font nullfont!
Missing character: There is no 程 in font nullfont!
Missing character: There is no 中 in font nullfont!
Missing character: There is no 第 in font nullfont!
Missing character: There is no 一 in font nullfont!
Missing character: There is no 个 in font nullfont!
Missing character: There is no 重 in font nullfont!
Missing character: There is no 大 in font nullfont!
Missing character: There is no 理 in font nullfont!
Missing character: There is no 论 in font nullfont!
Missing character: There is no 成 in font nullfont!
Missing character: There is no 果 in font nullfont!
Missing character: There is no . in font nullfont!
Missing character: There is no 1 in font nullfont!
Missing character: There is no 9 in font nullfont!
Missing character: There is no 3 in font nullfont!
Missing character: There is no 8 in font nullfont!
Missing character: There is no 年 in font nullfont!
Missing character: There is no ， in font nullfont!
Missing character: There is no 毛 in font nullfont!
Missing character: There is no 泽 in font nullfont!
Missing character: There is no 东 in font nullfont!
Missing character: There is no 在 in font nullfont!
Missing character: There is no 党 in font nullfont!
Missing character: There is no 的 in font nullfont!
Missing character: There is no 六 in font nullfont!
Missing character: There is no 届 in font nullfont!
Missing character: There is no 三 in font nullfont!
Missing character: There is no 中 in font nullfont!
Missing character: There is no 全 in font nullfont!
Missing character: There is no 会 in font nullfont!
Missing character: There is no 上 in font nullfont!
Missing character: There is no 作 in font nullfont!
Missing character: There is no 了 in font nullfont!
Missing character: There is no 《 in font nullfont!
Missing character: There is no 论 in font nullfont!
Missing character: There is no 新 in font nullfont!
Missing character: There is no 阶 in font nullfont!
Missing character: There is no 段 in font nullfont!
Missing character: There is no 》 in font nullfont!
Missing character: There is no 的 in font nullfont!
Missing character: There is no 政 in font nullfont!
Missing character: There is no 治 in font nullfont!
Missing character: There is no 报 in font nullfont!
Missing character: There is no 告 in font nullfont!
Missing character: There is no 。 in font nullfont!
Missing character: There is no 这 in font nullfont!
Missing character: There is no 是 in font nullfont!
Missing character: There is no 党 in font nullfont!
Missing character: There is no 首 in font nullfont!
Missing character: There is no 次 in font nullfont!
Missing character: There is no 明 in font nullfont!
Missing character: There is no 确 in font nullfont!
Missing character: There is no 提 in font nullfont!
Missing character: There is no 出 in font nullfont!
Missing character: There is no “ in font nullfont!
Missing character: There is no 马 in font nullfont!
Missing character: There is no 克 in font nullfont!
Missing character: There is no 思 in font nullfont!
Missing character: There is no 主 in font nullfont!
Missing character: There is no 义 in font nullfont!
Missing character: There is no 中 in font nullfont!
Missing character: There is no 国 in font nullfont!
Missing character: There is no 化 in font nullfont!
Missing character: There is no ” in font nullfont!
Missing character: There is no 的 in font nullfont!
Missing character: There is no 重 in font nullfont!
Missing character: There is no 大 in font nullfont!
Missing character: There is no 命 in font nullfont!
Missing character: There is no 题 in font nullfont!
Missing character: There is no 。 in font nullfont!
Missing character: There is no 经 in font nullfont!
Missing character: There is no 历 in font nullfont!
Missing character: There is no 延 in font nullfont!
Missing character: There is no 安 in font nullfont!
Missing character: There is no 整 in font nullfont!
Missing character: There is no 风 in font nullfont!
Missing character: There is no ， in font nullfont!
Missing character: There is no 推 in font nullfont!
Missing character: There is no 进 in font nullfont!
Missing character: There is no 马 in font nullfont!
Missing character: There is no 克 in font nullfont!
Missing character: There is no 思 in font nullfont!
Missing character: There is no 主 in font nullfont!
Missing character: There is no 义 in font nullfont!
Missing character: There is no 中 in font nullfont!
Missing character: There is no 国 in font nullfont!
Missing character: There is no 化 in font nullfont!
Missing character: There is no ， in font nullfont!
Missing character: There is no 更 in font nullfont!
Missing character: There is no 好 in font nullfont!
Missing character: There is no 地 in font nullfont!
Missing character: There is no 指 in font nullfont!
Missing character: There is no 导 in font nullfont!
Missing character: There is no 中 in font nullfont!
Missing character: There is no 国 in font nullfont!
Missing character: There is no 革 in font nullfont!
Missing character: There is no 命 in font nullfont!
Missing character: There is no ， in font nullfont!
Missing character: There is no 称 in font nullfont!
Missing character: There is no 为 in font nullfont!
Missing character: There is no 全 in font nullfont!
Missing character: There is no 党 in font nullfont!
Missing character: There is no 的 in font nullfont!
Missing character: There is no 共 in font nullfont!
Missing character: There is no 识 in font nullfont!
Missing character: There is no 。 in font nullfont!
Missing character: There is no 在 in font nullfont!
Missing character: There is no 党 in font nullfont!
Missing character: There is no 的 in font nullfont!
Missing character: There is no 七 in font nullfont!
Missing character: There is no 大 in font nullfont!
Missing character: There is no 上 in font nullfont!
Missing character: There is no ( in font nullfont!
Missing character: There is no 1 in font nullfont!
Missing character: There is no 9 in font nullfont!
Missing character: There is no 4 in font nullfont!
Missing character: There is no 5 in font nullfont!
Missing character: There is no 年 in font nullfont!
Missing character: There is no ) in font nullfont!
Missing character: There is no ， in font nullfont!
Missing character: There is no 七 in font nullfont!
Missing character: There is no 大 in font nullfont!
Missing character: There is no 正 in font nullfont!
Missing character: There is no 式 in font nullfont!
Missing character: There is no 将 in font nullfont!
Missing character: There is no 毛 in font nullfont!
Missing character: There is no 择 in font nullfont!
Missing character: There is no 东 in font nullfont!
Missing character: There is no 思 in font nullfont!
Missing character: There is no 想 in font nullfont!
Missing character: There is no 确 in font nullfont!
Missing character: There is no 立 in font nullfont!
Missing character: There is no 为 in font nullfont!
Missing character: There is no 党 in font nullfont!
Missing character: There is no 的 in font nullfont!
Missing character: There is no 指 in font nullfont!
Missing character: There is no 导 in font nullfont!
Missing character: There is no 思 in font nullfont!
Missing character: There is no 想 in font nullfont!
Missing character: There is no 并 in font nullfont!
Missing character: There is no 写 in font nullfont!
Missing character: There is no 入 in font nullfont!
Missing character: There is no 党 in font nullfont!
Missing character: There is no 章 in font nullfont!
Missing character: There is no 。 in font nullfont!
Missing character: There is no 马 in font nullfont!
Missing character: There is no 克 in font nullfont!
Missing character: There is no 思 in font nullfont!
Missing character: There is no 主 in font nullfont!
Missing character: There is no 义 in font nullfont!
Missing character: There is no 中 in font nullfont!
Missing character: There is no 国 in font nullfont!
Missing character: There is no 化 in font nullfont!
Missing character: There is no 的 in font nullfont!
Missing character: There is no 必 in font nullfont!
Missing character: There is no 要 in font nullfont!
Missing character: There is no 性 in font nullfont!
Missing character: There is no 第 in font nullfont!
Missing character: There is no 一 in font nullfont!
Missing character: There is no ， in font nullfont!
Missing character: There is no 实 in font nullfont!
Missing character: There is no 现 in font nullfont!
Missing character: There is no 马 in font nullfont!
Missing character: There is no 克 in font nullfont!
Missing character: There is no 思 in font nullfont!
Missing character: There is no 主 in font nullfont!
Missing character: There is no 义 in font nullfont!
Missing character: There is no 中 in font nullfont!
Missing character: There is no 国 in font nullfont!
Missing character: There is no 化 in font nullfont!
Missing character: There is no ， in font nullfont!
Missing character: There is no 是 in font nullfont!
Missing character: There is no 解 in font nullfont!
Missing character: There is no 决 in font nullfont!
Missing character: There is no 中 in font nullfont!
Missing character: There is no 国 in font nullfont!
Missing character: There is no 实 in font nullfont!
Missing character: There is no 际 in font nullfont!
Missing character: There is no 问 in font nullfont!
Missing character: There is no 题 in font nullfont!
Missing character: There is no 的 in font nullfont!
Missing character: There is no 客 in font nullfont!
Missing character: There is no 观 in font nullfont!
Missing character: There is no 需 in font nullfont!
Missing character: There is no 要 in font nullfont!
Missing character: There is no 。 in font nullfont!
Missing character: There is no 第 in font nullfont!
Missing character: There is no 二 in font nullfont!
Missing character: There is no ， in font nullfont!
Missing character: There is no 实 in font nullfont!
Missing character: There is no 现 in font nullfont!
Missing character: There is no 马 in font nullfont!
Missing character: There is no 克 in font nullfont!
Missing character: There is no 思 in font nullfont!
Missing character: There is no 主 in font nullfont!
Missing character: There is no 义 in font nullfont!
Missing character: There is no 中 in font nullfont!
Missing character: There is no 国 in font nullfont!
Missing character: There is no 化 in font nullfont!
Missing character: There is no ， in font nullfont!
Missing character: There is no 是 in font nullfont!
Missing character: There is no 马 in font nullfont!
Missing character: There is no 克 in font nullfont!
Missing character: There is no 思 in font nullfont!
Missing character: There is no 主 in font nullfont!
Missing character: There is no 义 in font nullfont!
Missing character: There is no 理 in font nullfont!
Missing character: There is no 论 in font nullfont!
Missing character: There is no 发 in font nullfont!
Missing character: There is no 展 in font nullfont!
Missing character: There is no 的 in font nullfont!
Missing character: There is no 内 in font nullfont!
Missing character: There is no 在 in font nullfont!
Missing character: There is no 要 in font nullfont!
Missing character: There is no 求 in font nullfont!
Missing character: There is no 。 in font nullfont!
! Undefined control sequence.
l.23 \subsection
                {马克思主义中国化的科学内涵}
The control sequence at the end of the top line
of your error message was never \def'ed. If you have
misspelled it (e.g., `\hobx'), type `I' and the correct
spelling (e.g., `I\hbox'). Otherwise just continue,
and I'll forget about whatever was undefined.

Missing character: There is no 马 in font nullfont!
Missing character: There is no 克 in font nullfont!
Missing character: There is no 思 in font nullfont!
Missing character: There is no 主 in font nullfont!
Missing character: There is no 义 in font nullfont!
Missing character: There is no 中 in font nullfont!
Missing character: There is no 国 in font nullfont!
Missing character: There is no 化 in font nullfont!
Missing character: There is no 的 in font nullfont!
Missing character: There is no 科 in font nullfont!
Missing character: There is no 学 in font nullfont!
Missing character: There is no 内 in font nullfont!
Missing character: There is no 涵 in font nullfont!
Missing character: There is no 马 in font [lmroman10-bold]:mapping=tex-text;!
Missing character: There is no 克 in font [lmroman10-bold]:mapping=tex-text;!
Missing character: There is no 思 in font [lmroman10-bold]:mapping=tex-text;!
Missing character: There is no 主 in font [lmroman10-bold]:mapping=tex-text;!
Missing character: There is no 义 in font [lmroman10-bold]:mapping=tex-text;!
Missing character: There is no 中 in font [lmroman10-bold]:mapping=tex-text;!
Missing character: There is no 国 in font [lmroman10-bold]:mapping=tex-text;!
Missing character: There is no 化 in font [lmroman10-bold]:mapping=tex-text;!
Missing character: There is no 就 in font nullfont!
Missing character: There is no 是 in font nullfont!
Missing character: There is no 将 in font nullfont!
Missing character: There is no 马 in font nullfont!
Missing character: There is no 克 in font nullfont!
Missing character: There is no 思 in font nullfont!
Missing character: There is no 主 in font nullfont!
Missing character: There is no 义 in font nullfont!
Missing character: There is no 基 in font nullfont!
Missing character: There is no 本 in font nullfont!
Missing character: There is no 原 in font nullfont!
Missing character: There is no 理 in font nullfont!
Missing character: There is no 同 in font nullfont!
Missing character: There is no 中 in font nullfont!
Missing character: There is no 国 in font nullfont!
Missing character: There is no 具 in font nullfont!
Missing character: There is no 体 in font nullfont!
Missing character: There is no 实 in font nullfont!
Missing character: There is no 际 in font nullfont!
Missing character: There is no 相 in font nullfont!
Missing character: There is no 结 in font nullfont!
Missing character: There is no 合 in font nullfont!
Missing character: There is no ， in font nullfont!
Missing character: There is no 不 in font nullfont!
Missing character: There is no 断 in font nullfont!
Missing character: There is no 形 in font nullfont!
Missing character: There is no 成 in font nullfont!
Missing character: There is no 具 in font nullfont!
Missing character: There is no 有 in font nullfont!
Missing character: There is no 中 in font nullfont!
Missing character: There is no 国 in font nullfont!
Missing character: There is no 特 in font nullfont!
Missing character: There is no 色 in font nullfont!
Missing character: There is no 的 in font nullfont!
Missing character: There is no 马 in font nullfont!
Missing character: There is no 克 in font nullfont!
Missing character: There is no 思 in font nullfont!
Missing character: There is no 主 in font nullfont!
Missing character: There is no 义 in font nullfont!
Missing character: There is no 理 in font nullfont!
Missing character: There is no 论 in font nullfont!
Missing character: There is no 成 in font nullfont!
Missing character: There is no 果 in font nullfont!
Missing character: There is no 的 in font nullfont!
Missing character: There is no 过 in font nullfont!
Missing character: There is no 程 in font nullfont!
Missing character: There is no 。 in font nullfont!
Missing character: There is no 具 in font nullfont!
Missing character: There is no 体 in font nullfont!
Missing character: There is no 地 in font nullfont!
Missing character: There is no 说 in font nullfont!
Missing character: There is no ， in font nullfont!
Missing character: There is no 就 in font nullfont!
Missing character: There is no 是 in font nullfont!
Missing character: There is no 把 in font nullfont!
Missing character: There is no 马 in font nullfont!
Missing character: There is no 克 in font nullfont!
Missing character: There is no 思 in font nullfont!
Missing character: There is no 主 in font nullfont!
Missing character: There is no 义 in font nullfont!
Missing character: There is no 基 in font nullfont!
Missing character: There is no 本 in font nullfont!
Missing character: There is no 原 in font nullfont!
Missing character: There is no 理 in font nullfont!
Missing character: There is no 同 in font nullfont!
Missing character: There is no 中 in font nullfont!
Missing character: There is no 国 in font nullfont!
Missing character: There is no 革 in font nullfont!
Missing character: There is no 命 in font nullfont!
Missing character: There is no 、 in font nullfont!
Missing character: There is no 建 in font nullfont!
Missing character: There is no 设 in font nullfont!
Missing character: There is no 和 in font nullfont!
Missing character: There is no 改 in font nullfont!
Missing character: There is no 革 in font nullfont!
Missing character: There is no 的 in font nullfont!
Missing character: There is no 实 in font nullfont!
Missing character: There is no 践 in font nullfont!
Missing character: There is no 结 in font nullfont!
Missing character: There is no 合 in font nullfont!
Missing character: There is no 起 in font nullfont!
Missing character: There is no 来 in font nullfont!
Missing character: There is no ， in font nullfont!
Missing character: There is no 既 in font nullfont!
Missing character: There is no 坚 in font nullfont!
Missing character: There is no 持 in font nullfont!
Missing character: There is no 马 in font nullfont!
Missing character: There is no 克 in font nullfont!
Missing character: There is no 思 in font nullfont!
Missing character: There is no 主 in font nullfont!
Missing character: There is no 义 in font nullfont!
Missing character: There is no ， in font nullfont!
Missing character: There is no 又 in font nullfont!
Missing character: There is no 发 in font nullfont!
Missing character: There is no 展 in font nullfont!
Missing character: There is no 马 in font nullfont!
Missing character: There is no 克 in font nullfont!
Missing character: There is no 思 in font nullfont!
Missing character: There is no 主 in font nullfont!
Missing character: There is no 义 in font nullfont!
Missing character: There is no 。 in font nullfont!
! Undefined control sequence.
l.25 \subsection
                {马克思主义中国化两大理论成果的关系}
The control sequence at the end of the top line
of your error message was never \def'ed. If you have
misspelled it (e.g., `\hobx'), type `I' and the correct
spelling (e.g., `I\hbox'). Otherwise just continue,
and I'll forget about whatever was undefined.

Missing character: There is no 马 in font nullfont!
Missing character: There is no 克 in font nullfont!
Missing character: There is no 思 in font nullfont!
Missing character: There is no 主 in font nullfont!
Missing character: There is no 义 in font nullfont!
Missing character: There is no 中 in font nullfont!
Missing character: There is no 国 in font nullfont!
Missing character: There is no 化 in font nullfont!
Missing character: There is no 两 in font nullfont!
Missing character: There is no 大 in font nullfont!
Missing character: There is no 理 in font nullfont!
Missing character: There is no 论 in font nullfont!
Missing character: There is no 成 in font nullfont!
Missing character: There is no 果 in font nullfont!
Missing character: There is no 的 in font nullfont!
Missing character: There is no 关 in font nullfont!
Missing character: There is no 系 in font nullfont!

Overfull \hbox (22.4pt too wide) in paragraph at lines 23--26
 \TU/lmr/bx/n/10 马克思主义中国化 
 []

Missing character: There is no 首 in font nullfont!
Missing character: There is no 先 in font nullfont!
Missing character: There is no ， in font nullfont!
Missing character: There is no 毛 in font nullfont!
Missing character: There is no 泽 in font nullfont!
Missing character: There is no 东 in font nullfont!
Missing character: There is no 思 in font nullfont!
Missing character: There is no 想 in font nullfont!
Missing character: There is no 是 in font nullfont!
Missing character: There is no 中 in font nullfont!
Missing character: There is no 国 in font nullfont!
Missing character: There is no 特 in font nullfont!
Missing character: There is no 色 in font nullfont!
Missing character: There is no 社 in font nullfont!
Missing character: There is no 会 in font nullfont!
Missing character: There is no 主 in font nullfont!
Missing character: There is no 义 in font nullfont!
Missing character: There is no 理 in font nullfont!
Missing character: There is no 论 in font nullfont!
Missing character: There is no 体 in font nullfont!
Missing character: There is no 系 in font nullfont!
Missing character: There is no 的 in font nullfont!
Missing character: There is no 重 in font nullfont!
Missing character: There is no 要 in font nullfont!
Missing character: There is no 思 in font nullfont!
Missing character: There is no 想 in font nullfont!
Missing character: There is no 渊 in font nullfont!
Missing character: There is no 源 in font nullfont!
Missing character: There is no 。 in font nullfont!
Missing character: There is no 毛 in font nullfont!
Missing character: There is no 泽 in font nullfont!
Missing character: There is no 东 in font nullfont!
Missing character: There is no 思 in font nullfont!
Missing character: There is no 想 in font nullfont!
Missing character: There is no 所 in font nullfont!
Missing character: There is no 蕴 in font nullfont!
Missing character: There is no 含 in font nullfont!
Missing character: There is no 的 in font nullfont!
Missing character: There is no 马 in font nullfont!
Missing character: There is no 克 in font nullfont!
Missing character: There is no 思 in font nullfont!
Missing character: There is no 主 in font nullfont!
Missing character: There is no 义 in font nullfont!
Missing character: There is no 的 in font nullfont!
Missing character: There is no 立 in font nullfont!
Missing character: There is no 场 in font nullfont!
Missing character: There is no 、 in font nullfont!
Missing character: There is no 观 in font nullfont!
Missing character: There is no 点 in font nullfont!
Missing character: There is no 和 in font nullfont!
Missing character: There is no 方 in font nullfont!
Missing character: There is no 法 in font nullfont!
Missing character: There is no ， in font nullfont!
Missing character: There is no 为 in font nullfont!
Missing character: There is no 中 in font nullfont!
Missing character: There is no 国 in font nullfont!
Missing character: There is no 特 in font nullfont!
Missing character: There is no 色 in font nullfont!
Missing character: There is no 社 in font nullfont!
Missing character: There is no 会 in font nullfont!
Missing character: There is no 主 in font nullfont!
Missing character: There is no 义 in font nullfont!
Missing character: There is no 理 in font nullfont!
Missing character: There is no 论 in font nullfont!
Missing character: There is no 体 in font nullfont!
Missing character: There is no 系 in font nullfont!
Missing character: There is no 提 in font nullfont!
Missing character: There is no 供 in font nullfont!
Missing character: There is no 了 in font nullfont!
Missing character: There is no 基 in font nullfont!
Missing character: There is no 本 in font nullfont!
Missing character: There is no 遵 in font nullfont!
Missing character: There is no 循 in font nullfont!
Missing character: There is no 。 in font nullfont!
Missing character: There is no 实 in font [lmroman10-bold]:mapping=tex-text;!
Missing character: There is no 事 in font [lmroman10-bold]:mapping=tex-text;!
Missing character: There is no 求 in font [lmroman10-bold]:mapping=tex-text;!
Missing character: There is no 是 in font [lmroman10-bold]:mapping=tex-text;!
Missing character: There is no 、 in font [lmroman10-bold]:mapping=tex-text;!
Missing character: There is no 群 in font [lmroman10-bold]:mapping=tex-text;!
Missing character: There is no 众 in font [lmroman10-bold]:mapping=tex-text;!
Missing character: There is no 路 in font [lmroman10-bold]:mapping=tex-text;!
Missing character: There is no 线 in font [lmroman10-bold]:mapping=tex-text;!
Missing character: There is no 、 in font [lmroman10-bold]:mapping=tex-text;!
Missing character: There is no 独 in font [lmroman10-bold]:mapping=tex-text;!
Missing character: There is no 立 in font [lmroman10-bold]:mapping=tex-text;!
Missing character: There is no 自 in font [lmroman10-bold]:mapping=tex-text;!
Missing character: There is no 主 in font [lmroman10-bold]:mapping=tex-text;!
Missing character: There is no 是 in font nullfont!
Missing character: There is no 毛 in font nullfont!
Missing character: There is no 泽 in font nullfont!
Missing character: There is no 东 in font nullfont!
Missing character: There is no 思 in font nullfont!
Missing character: There is no 想 in font nullfont!
Missing character: There is no 的 in font nullfont!
Missing character: There is no 灵 in font nullfont!
Missing character: There is no 魂 in font nullfont!
Missing character: There is no ， in font nullfont!
Missing character: There is no 是 in font nullfont!
Missing character: There is no 马 in font nullfont!
Missing character: There is no 克 in font nullfont!
Missing character: There is no 思 in font nullfont!
Missing character: There is no 主 in font nullfont!
Missing character: There is no 义 in font nullfont!
Missing character: There is no 根 in font nullfont!
Missing character: There is no 本 in font nullfont!
Missing character: There is no 立 in font nullfont!
Missing character: There is no 场 in font nullfont!
Missing character: There is no 、 in font nullfont!
Missing character: There is no 观 in font nullfont!
Missing character: There is no 点 in font nullfont!
Missing character: There is no 、 in font nullfont!
Missing character: There is no 方 in font nullfont!
Missing character: There is no 法 in font nullfont!
Missing character: There is no 的 in font nullfont!
Missing character: There is no 集 in font nullfont!
Missing character: There is no 中 in font nullfont!
Missing character: There is no 体 in font nullfont!
Missing character: There is no 现 in font nullfont!
Missing character: There is no ， in font nullfont!
Missing character: There is no 也 in font nullfont!
Missing character: There is no 贯 in font nullfont!
Missing character: There is no 穿 in font nullfont!
Missing character: There is no 于 in font nullfont!
Missing character: There is no 中 in font nullfont!
Missing character: There is no 国 in font nullfont!
Missing character: There is no 特 in font nullfont!
Missing character: There is no 色 in font nullfont!
Missing character: There is no 社 in font nullfont!
Missing character: There is no 会 in font nullfont!
Missing character: There is no 主 in font nullfont!
Missing character: There is no 义 in font nullfont!
Missing character: There is no 理 in font nullfont!
Missing character: There is no 论 in font nullfont!
Missing character: There is no 体 in font nullfont!
Missing character: There is no 系 in font nullfont!
Missing character: There is no 之 in font nullfont!
Missing character: There is no 中 in font nullfont!
Missing character: There is no 。 in font nullfont!

Overfull \hbox (39.2pt too wide) in paragraph at lines 29--30
\TU/lmr/bx/n/10 实事求是、群众路线、独立自主 
 []

Missing character: There is no 毛 in font nullfont!
Missing character: There is no 泽 in font nullfont!
Missing character: There is no 东 in font nullfont!
Missing character: There is no 思 in font nullfont!
Missing character: There is no 想 in font nullfont!
Missing character: There is no 关 in font nullfont!
Missing character: There is no 于 in font nullfont!
Missing character: There is no 社 in font nullfont!
Missing character: There is no 会 in font nullfont!
Missing character: There is no 建 in font nullfont!
Missing character: There is no 设 in font nullfont!
Missing character: There is no 的 in font nullfont!
Missing character: There is no 理 in font nullfont!
Missing character: There is no 论 in font nullfont!
Missing character: There is no ， in font nullfont!
Missing character: There is no 为 in font nullfont!
Missing character: There is no 开 in font nullfont!
Missing character: There is no 创 in font nullfont!
Missing character: There is no 和 in font nullfont!
Missing character: There is no 发 in font nullfont!
Missing character: There is no 展 in font nullfont!
Missing character: There is no 中 in font nullfont!
Missing character: There is no 国 in font nullfont!
Missing character: There is no 特 in font nullfont!
Missing character: There is no 色 in font nullfont!
Missing character: There is no 社 in font nullfont!
Missing character: There is no 会 in font nullfont!
Missing character: There is no 主 in font nullfont!
Missing character: There is no 义 in font nullfont!
Missing character: There is no 作 in font nullfont!
Missing character: There is no 了 in font nullfont!
Missing character: There is no 重 in font nullfont!
Missing character: There is no 要 in font nullfont!
Missing character: There is no 的 in font nullfont!
Missing character: There is no 理 in font nullfont!
Missing character: There is no 论 in font nullfont!
Missing character: There is no 准 in font nullfont!
Missing character: There is no 备 in font nullfont!
Missing character: There is no 。 in font nullfont!
Missing character: There is no 其 in font nullfont!
Missing character: There is no 次 in font nullfont!
Missing character: There is no ， in font nullfont!
Missing character: There is no 中 in font nullfont!
Missing character: There is no 国 in font nullfont!
Missing character: There is no 特 in font nullfont!
Missing character: There is no 色 in font nullfont!
Missing character: There is no 社 in font nullfont!
Missing character: There is no 会 in font nullfont!
Missing character: There is no 主 in font nullfont!
Missing character: There is no 义 in font nullfont!
Missing character: There is no 理 in font nullfont!
Missing character: There is no 论 in font nullfont!
Missing character: There is no 体 in font nullfont!
Missing character: There is no 系 in font nullfont!
Missing character: There is no 在 in font nullfont!
Missing character: There is no 新 in font nullfont!
Missing character: There is no 的 in font nullfont!
Missing character: There is no 历 in font nullfont!
Missing character: There is no 史 in font nullfont!
Missing character: There is no 条 in font nullfont!
Missing character: There is no 件 in font nullfont!
Missing character: There is no 下 in font nullfont!
Missing character: There is no 进 in font nullfont!
Missing character: There is no 一 in font nullfont!
Missing character: There is no 步 in font nullfont!
Missing character: There is no 丰 in font nullfont!
Missing character: There is no 富 in font nullfont!
Missing character: There is no 和 in font nullfont!
Missing character: There is no 发 in font nullfont!
Missing character: There is no 展 in font nullfont!
Missing character: There is no 了 in font nullfont!
Missing character: There is no 毛 in font nullfont!
Missing character: There is no 泽 in font nullfont!
Missing character: There is no 东 in font nullfont!
Missing character: There is no 思 in font nullfont!
Missing character: There is no 想 in font nullfont!
Missing character: There is no 。 in font nullfont!
Missing character: There is no 中 in font nullfont!
Missing character: There is no 国 in font nullfont!
Missing character: There is no 特 in font nullfont!
Missing character: There is no 色 in font nullfont!
Missing character: There is no 社 in font nullfont!
Missing character: There is no 会 in font nullfont!
Missing character: There is no 理 in font nullfont!
Missing character: There is no 论 in font nullfont!
Missing character: There is no 体 in font nullfont!
Missing character: There is no 系 in font nullfont!
Missing character: There is no ， in font nullfont!
Missing character: There is no 在 in font nullfont!
Missing character: There is no 认 in font nullfont!
Missing character: There is no 真 in font nullfont!
Missing character: There is no 总 in font [lmroman10-bold]:mapping=tex-text;!
Missing character: There is no 结 in font [lmroman10-bold]:mapping=tex-text;!
Missing character: There is no 中 in font [lmroman10-bold]:mapping=tex-text;!
Missing character: There is no 国 in font [lmroman10-bold]:mapping=tex-text;!
Missing character: There is no 特 in font [lmroman10-bold]:mapping=tex-text;!
Missing character: There is no 色 in font [lmroman10-bold]:mapping=tex-text;!
Missing character: There is no 社 in font [lmroman10-bold]:mapping=tex-text;!
Missing character: There is no 会 in font [lmroman10-bold]:mapping=tex-text;!
Missing character: There is no 主 in font [lmroman10-bold]:mapping=tex-text;!
Missing character: There is no 义 in font [lmroman10-bold]:mapping=tex-text;!
Missing character: There is no 建 in font [lmroman10-bold]:mapping=tex-text;!
Missing character: There is no 设 in font [lmroman10-bold]:mapping=tex-text;!
Missing character: There is no 历 in font [lmroman10-bold]:mapping=tex-text;!
Missing character: There is no 史 in font [lmroman10-bold]:mapping=tex-text;!
Missing character: There is no 经 in font [lmroman10-bold]:mapping=tex-text;!
Missing character: There is no 验 in font [lmroman10-bold]:mapping=tex-text;!
Missing character: There is no 和 in font [lmroman10-bold]:mapping=tex-text;!
Missing character: There is no 最 in font [lmroman10-bold]:mapping=tex-text;!
Missing character: There is no 新 in font [lmroman10-bold]:mapping=tex-text;!
Missing character: There is no 经 in font [lmroman10-bold]:mapping=tex-text;!
Missing character: There is no 验 in font [lmroman10-bold]:mapping=tex-text;!
Missing character: There is no 的 in font nullfont!
Missing character: There is no 基 in font nullfont!
Missing character: There is no 础 in font nullfont!
Missing character: There is no 上 in font nullfont!
Missing character: There is no ， in font nullfont!
Missing character: There is no 创 in font nullfont!
Missing character: There is no 造 in font nullfont!
Missing character: There is no 性 in font nullfont!
Missing character: There is no 地 in font nullfont!
Missing character: There is no 提 in font nullfont!
Missing character: There is no 出 in font nullfont!
Missing character: There is no 了 in font nullfont!
Missing character: There is no 一 in font nullfont!
Missing character: There is no 系 in font nullfont!
Missing character: There is no 列 in font nullfont!
Missing character: There is no 新 in font nullfont!
Missing character: There is no 思 in font nullfont!
Missing character: There is no 想 in font nullfont!
Missing character: There is no 、 in font nullfont!
Missing character: There is no 新 in font nullfont!
Missing character: There is no 观 in font nullfont!
Missing character: There is no 点 in font nullfont!
Missing character: There is no 、 in font nullfont!
Missing character: There is no 新 in font nullfont!
Missing character: There is no 论 in font nullfont!
Missing character: There is no 断 in font nullfont!
Missing character: There is no ， in font nullfont!
Missing character: There is no 进 in font nullfont!
Missing character: There is no 一 in font nullfont!
Missing character: There is no 步 in font nullfont!
Missing character: There is no 丰 in font nullfont!
Missing character: There is no 富 in font nullfont!
Missing character: There is no 和 in font nullfont!
Missing character: There is no 发 in font nullfont!
Missing character: There is no 展 in font nullfont!
Missing character: There is no 了 in font nullfont!
Missing character: There is no 马 in font nullfont!
Missing character: There is no 克 in font nullfont!
Missing character: There is no 思 in font nullfont!
Missing character: There is no 列 in font nullfont!
Missing character: There is no 宁 in font nullfont!
Missing character: There is no 主 in font nullfont!
Missing character: There is no 义 in font nullfont!
Missing character: There is no 、 in font nullfont!
Missing character: There is no 毛 in font nullfont!
Missing character: There is no 泽 in font nullfont!
Missing character: There is no 东 in font nullfont!
Missing character: There is no 思 in font nullfont!
Missing character: There is no 想 in font nullfont!
Missing character: There is no 、 in font nullfont!
Missing character: There is no 中 in font nullfont!
Missing character: There is no 国 in font nullfont!
Missing character: There is no 特 in font nullfont!
Missing character: There is no 色 in font nullfont!
Missing character: There is no 社 in font nullfont!
Missing character: There is no 会 in font nullfont!
Missing character: There is no 主 in font nullfont!
Missing character: There is no 义 in font nullfont!
Missing character: There is no 理 in font nullfont!
Missing character: There is no 论 in font nullfont!
Missing character: There is no 体 in font nullfont!
Missing character: There is no 系 in font nullfont!
Missing character: There is no 同 in font nullfont!
Missing character: There is no 毛 in font nullfont!
Missing character: There is no 泽 in font nullfont!
Missing character: There is no 东 in font nullfont!
Missing character: There is no 思 in font nullfont!
Missing character: There is no 想 in font nullfont!
Missing character: There is no 是 in font nullfont!
Missing character: There is no 一 in font nullfont!
Missing character: There is no 脉 in font nullfont!
Missing character: There is no 相 in font nullfont!
Missing character: There is no 承 in font nullfont!
Missing character: There is no 而 in font nullfont!
Missing character: There is no 又 in font nullfont!
Missing character: There is no 与 in font nullfont!
Missing character: There is no 时 in font nullfont!
Missing character: There is no 俱 in font nullfont!
Missing character: There is no 进 in font nullfont!
Missing character: There is no 的 in font nullfont!
Missing character: There is no ， in font nullfont!
Missing character: There is no 这 in font [lmroman10-bold]:mapping=tex-text;!
Missing character: There is no 个 in font [lmroman10-bold]:mapping=tex-text;!
Missing character: There is no 承 in font [lmroman10-bold]:mapping=tex-text;!
Missing character: There is no 和 in font [lmroman10-bold]:mapping=tex-text;!
Missing character: There is no 进 in font [lmroman10-bold]:mapping=tex-text;!
Missing character: There is no ， in font [lmroman10-bold]:mapping=tex-text;!
Missing character: There is no 主 in font [lmroman10-bold]:mapping=tex-text;!
Missing character: There is no 要 in font [lmroman10-bold]:mapping=tex-text;!
Missing character: There is no 体 in font [lmroman10-bold]:mapping=tex-text;!
Missing character: There is no 现 in font [lmroman10-bold]:mapping=tex-text;!
Missing character: There is no 在 in font [lmroman10-bold]:mapping=tex-text;!
Missing character: There is no 以 in font [lmroman10-bold]:mapping=tex-text;!
Missing character: There is no 上 in font [lmroman10-bold]:mapping=tex-text;!
Missing character: There is no 这 in font [lmroman10-bold]:mapping=tex-text;!
Missing character: There is no 些 in font [lmroman10-bold]:mapping=tex-text;!
Missing character: There is no 新 in font [lmroman10-bold]:mapping=tex-text;!
Missing character: There is no 思 in font [lmroman10-bold]:mapping=tex-text;!
Missing character: There is no 想 in font [lmroman10-bold]:mapping=tex-text;!
Missing character: There is no 、 in font [lmroman10-bold]:mapping=tex-text;!
Missing character: There is no 新 in font [lmroman10-bold]:mapping=tex-text;!
Missing character: There is no 观 in font [lmroman10-bold]:mapping=tex-text;!
Missing character: There is no 点 in font [lmroman10-bold]:mapping=tex-text;!
Missing character: There is no 、 in font [lmroman10-bold]:mapping=tex-text;!
Missing character: There is no 新 in font [lmroman10-bold]:mapping=tex-text;!
Missing character: There is no 论 in font [lmroman10-bold]:mapping=tex-text;!
Missing character: There is no 断 in font [lmroman10-bold]:mapping=tex-text;!
Missing character: There is no 上 in font [lmroman10-bold]:mapping=tex-text;!
Missing character: There is no 。 in font nullfont!

Overfull \hbox (157.24pt too wide) in paragraph at lines 31--33
\TU/lmr/bx/n/10 总结中国特色社会主义建设历史经验和最新经验这个“承”和“进”，主要体现在以上这些新思想、新观点、新论断上 
 []

Missing character: There is no 最 in font nullfont!
Missing character: There is no 后 in font nullfont!
Missing character: There is no ， in font nullfont!
Missing character: There is no 毛 in font nullfont!
Missing character: There is no 泽 in font nullfont!
Missing character: There is no 东 in font nullfont!
Missing character: There is no 思 in font nullfont!
Missing character: There is no 想 in font nullfont!
Missing character: There is no 和 in font nullfont!
Missing character: There is no 中 in font nullfont!
Missing character: There is no 国 in font nullfont!
Missing character: There is no 特 in font nullfont!
Missing character: There is no 色 in font nullfont!
Missing character: There is no 社 in font nullfont!
Missing character: There is no 会 in font nullfont!
Missing character: There is no 主 in font nullfont!
Missing character: There is no 义 in font nullfont!
Missing character: There is no 理 in font nullfont!
Missing character: There is no 论 in font nullfont!
Missing character: There is no 体 in font nullfont!
Missing character: There is no 系 in font nullfont!
Missing character: There is no 都 in font nullfont!
Missing character: There is no 是 in font nullfont!
Missing character: There is no 马 in font nullfont!
Missing character: There is no 克 in font nullfont!
Missing character: There is no 思 in font nullfont!
Missing character: There is no 主 in font nullfont!
Missing character: There is no 义 in font nullfont!
Missing character: There is no 在 in font nullfont!
Missing character: There is no 中 in font nullfont!
Missing character: There is no 国 in font nullfont!
Missing character: There is no 的 in font nullfont!
Missing character: There is no 运 in font nullfont!
Missing character: There is no 用 in font nullfont!
Missing character: There is no 和 in font nullfont!
Missing character: There is no 发 in font nullfont!
Missing character: There is no 展 in font nullfont!
Missing character: There is no 。 in font nullfont!
Missing character: There is no 毛 in font nullfont!
Missing character: There is no 泽 in font nullfont!
Missing character: There is no 东 in font nullfont!
Missing character: There is no 思 in font nullfont!
Missing character: There is no 想 in font nullfont!
Missing character: There is no 和 in font nullfont!
Missing character: There is no 中 in font nullfont!
Missing character: There is no 国 in font nullfont!
Missing character: There is no 特 in font nullfont!
Missing character: There is no 色 in font nullfont!
Missing character: There is no 社 in font nullfont!
Missing character: There is no 会 in font nullfont!
Missing character: There is no 主 in font nullfont!
Missing character: There is no 义 in font nullfont!
Missing character: There is no 理 in font nullfont!
Missing character: There is no 论 in font nullfont!
Missing character: There is no 体 in font nullfont!
Missing character: There is no 系 in font nullfont!
Missing character: There is no 有 in font nullfont!
Missing character: There is no 着 in font nullfont!
Missing character: There is no 共 in font nullfont!
Missing character: There is no 同 in font nullfont!
Missing character: There is no 的 in font nullfont!
Missing character: There is no “ in font nullfont!
Missing character: There is no 根 in font nullfont!
Missing character: There is no ” in font nullfont!
Missing character: There is no ， in font nullfont!
Missing character: There is no 这 in font nullfont!
Missing character: There is no 个 in font nullfont!
Missing character: There is no “ in font nullfont!
Missing character: There is no 根 in font nullfont!
Missing character: There is no ” in font nullfont!
Missing character: There is no 就 in font nullfont!
Missing character: There is no 是 in font nullfont!
Missing character: There is no 马 in font nullfont!
Missing character: There is no 克 in font nullfont!
Missing character: There is no 思 in font nullfont!
Missing character: There is no 列 in font nullfont!
Missing character: There is no 宁 in font nullfont!
Missing character: There is no 主 in font nullfont!
Missing character: There is no 义 in font nullfont!
Missing character: There is no 。 in font nullfont!
Missing character: There is no 这 in font nullfont!
Missing character: There is no 两 in font nullfont!
Missing character: There is no 大 in font nullfont!
Missing character: There is no 理 in font nullfont!
Missing character: There is no 论 in font nullfont!
Missing character: There is no 成 in font nullfont!
Missing character: There is no 果 in font nullfont!
Missing character: There is no 虽 in font nullfont!
Missing character: There is no 以 in font nullfont!
Missing character: There is no 独 in font nullfont!
Missing character: There is no 创 in font nullfont!
Missing character: There is no 性 in font nullfont!
Missing character: There is no 成 in font nullfont!
Missing character: There is no 果 in font nullfont!
Missing character: There is no 丰 in font nullfont!
Missing character: There is no 富 in font nullfont!
Missing character: There is no 和 in font nullfont!
Missing character: There is no 发 in font nullfont!
Missing character: There is no 展 in font nullfont!
Missing character: There is no 了 in font nullfont!
Missing character: There is no 马 in font nullfont!
Missing character: There is no 克 in font nullfont!
Missing character: There is no 思 in font nullfont!
Missing character: There is no 的 in font nullfont!
Missing character: There is no 理 in font nullfont!
Missing character: There is no 论 in font nullfont!
Missing character: There is no 宝 in font nullfont!
Missing character: There is no 库 in font nullfont!
Missing character: There is no ， in font nullfont!
Missing character: There is no 但 in font nullfont!
Missing character: There is no 仍 in font nullfont!
Missing character: There is no 属 in font nullfont!
Missing character: There is no 于 in font nullfont!
Missing character: There is no 马 in font nullfont!
Missing character: There is no 克 in font nullfont!
Missing character: There is no 思 in font nullfont!
Missing character: There is no 的 in font nullfont!
Missing character: There is no 科 in font nullfont!
Missing character: There is no 学 in font nullfont!
Missing character: There is no 体 in font nullfont!
Missing character: There is no 系 in font nullfont!
Missing character: There is no ， in font nullfont!
Missing character: There is no 而 in font nullfont!
Missing character: There is no 不 in font nullfont!
Missing character: There is no 是 in font nullfont!
Missing character: There is no 取 in font nullfont!
Missing character: There is no 代 in font nullfont!
Missing character: There is no 马 in font nullfont!
Missing character: There is no 克 in font nullfont!
Missing character: There is no 思 in font nullfont!
Missing character: There is no 主 in font nullfont!
Missing character: There is no 义 in font nullfont!
Missing character: There is no 的 in font nullfont!
Missing character: There is no 另 in font nullfont!
Missing character: There is no 一 in font nullfont!
Missing character: There is no 个 in font nullfont!
Missing character: There is no 什 in font nullfont!
Missing character: There is no 么 in font nullfont!
Missing character: There is no 主 in font nullfont!
Missing character: There is no 义 in font nullfont!
Missing character: There is no 。 in font nullfont!
)
! Emergency stop.
<*> maogai_chap1.tex
                    
*** (job aborted, no legal \end found)

 
Here is how much of TeX's memory you used:
 14 strings out of 492922
 202 string characters out of 6136751
 66272 words of memory out of 5000000
 4161 multiletter control sequences out of 15000+600000
 3648 words of font info for 15 fonts, out of 8000000 for 9000
 1348 hyphenation exceptions out of 8191
 13i,1n,8p,202b,155s stack positions out of 5000i,500n,10000p,200000b,80000s
No pages of output.
