This is XeTeX, Version 3.14159265-2.6-0.999991 (TeX Live 2019/W32TeX) (preloaded format=xelatex 2020.1.16)  24 FEB 2020 08:57
entering extended mode
 restricted \write18 enabled.
 %&-line parsing enabled.
**maogai_chap2.tex
(./maogai_chap2.tex
LaTeX2e <2018-12-01>
! Undefined control sequence.
l.1 \chapter
            {新民主主义革命}
The control sequence at the end of the top line
of your error message was never \def'ed. If you have
misspelled it (e.g., `\hobx'), type `I' and the correct
spelling (e.g., `I\hbox'). Otherwise just continue,
and I'll forget about whatever was undefined.


! LaTeX Error: Missing \begin{document}.

See the LaTeX manual or LaTeX Companion for explanation.
Type  H <return>  for immediate help.
 ...                                              
                                                  
l.1 \chapter{新
              民主主义革命}
You're in trouble here.  Try typing  <return>  to proceed.
If that doesn't work, type  X <return>  to quit.

Missing character: There is no 新 in font nullfont!
Missing character: There is no 民 in font nullfont!
Missing character: There is no 主 in font nullfont!
Missing character: There is no 主 in font nullfont!
Missing character: There is no 义 in font nullfont!
Missing character: There is no 革 in font nullfont!
Missing character: There is no 命 in font nullfont!
! Undefined control sequence.
l.2 \section
            {新民主主义革命理论的形成}
The control sequence at the end of the top line
of your error message was never \def'ed. If you have
misspelled it (e.g., `\hobx'), type `I' and the correct
spelling (e.g., `I\hbox'). Otherwise just continue,
and I'll forget about whatever was undefined.

Missing character: There is no 新 in font nullfont!
Missing character: There is no 民 in font nullfont!
Missing character: There is no 主 in font nullfont!
Missing character: There is no 主 in font nullfont!
Missing character: There is no 义 in font nullfont!
Missing character: There is no 革 in font nullfont!
Missing character: There is no 命 in font nullfont!
Missing character: There is no 理 in font nullfont!
Missing character: There is no 论 in font nullfont!
Missing character: There is no 的 in font nullfont!
Missing character: There is no 形 in font nullfont!
Missing character: There is no 成 in font nullfont!
! Undefined control sequence.
l.3 \subsection
               {近代中国国情和中国革命的时代特征}
The control sequence at the end of the top line
of your error message was never \def'ed. If you have
misspelled it (e.g., `\hobx'), type `I' and the correct
spelling (e.g., `I\hbox'). Otherwise just continue,
and I'll forget about whatever was undefined.

Missing character: There is no 近 in font nullfont!
Missing character: There is no 代 in font nullfont!
Missing character: There is no 中 in font nullfont!
Missing character: There is no 国 in font nullfont!
Missing character: There is no 国 in font nullfont!
Missing character: There is no 情 in font nullfont!
Missing character: There is no 和 in font nullfont!
Missing character: There is no 中 in font nullfont!
Missing character: There is no 国 in font nullfont!
Missing character: There is no 革 in font nullfont!
Missing character: There is no 命 in font nullfont!
Missing character: There is no 的 in font nullfont!
Missing character: There is no 时 in font nullfont!
Missing character: There is no 代 in font nullfont!
Missing character: There is no 特 in font nullfont!
Missing character: There is no 征 in font nullfont!

Overfull \hbox (20.0pt too wide) in paragraph at lines 1--4
[]
 []

Missing character: There is no 认 in font nullfont!
Missing character: There is no 清 in font nullfont!
Missing character: There is no 国 in font nullfont!
Missing character: There is no 情 in font nullfont!
Missing character: There is no 是 in font nullfont!
Missing character: There is no 认 in font nullfont!
Missing character: There is no 清 in font nullfont!
Missing character: There is no 和 in font nullfont!
Missing character: There is no 解 in font nullfont!
Missing character: There is no 决 in font nullfont!
Missing character: There is no 革 in font nullfont!
Missing character: There is no 命 in font nullfont!
Missing character: There is no 问 in font nullfont!
Missing character: There is no 题 in font nullfont!
Missing character: There is no 的 in font nullfont!
Missing character: There is no 基 in font nullfont!
Missing character: There is no 本 in font nullfont!
Missing character: There is no 依 in font nullfont!
Missing character: There is no 据 in font nullfont!
Missing character: There is no 。 in font nullfont!
Missing character: There is no 近 in font nullfont!
Missing character: There is no 代 in font nullfont!
Missing character: There is no 中 in font nullfont!
Missing character: There is no 国 in font nullfont!
Missing character: There is no ， in font nullfont!
Missing character: There is no 逐 in font nullfont!
Missing character: There is no 步 in font nullfont!
Missing character: There is no 沦 in font nullfont!
Missing character: There is no 为 in font nullfont!
Missing character: There is no 一 in font nullfont!
Missing character: There is no 个 in font nullfont!
Missing character: There is no 半 in font nullfont!
Missing character: There is no 殖 in font nullfont!
Missing character: There is no 民 in font nullfont!
Missing character: There is no 地 in font nullfont!
Missing character: There is no 半 in font nullfont!
Missing character: There is no 封 in font nullfont!
Missing character: There is no 建 in font nullfont!
Missing character: There is no 性 in font nullfont!
Missing character: There is no 质 in font nullfont!
Missing character: There is no 的 in font nullfont!
Missing character: There is no 社 in font nullfont!
Missing character: There is no 会 in font nullfont!
Missing character: There is no ， in font nullfont!
Missing character: There is no 这 in font nullfont!
Missing character: There is no 是 in font nullfont!
Missing character: There is no 最 in font nullfont!
Missing character: There is no 基 in font nullfont!
Missing character: There is no 本 in font nullfont!
Missing character: There is no 的 in font nullfont!
Missing character: There is no 国 in font nullfont!
Missing character: There is no 情 in font nullfont!
Missing character: There is no 近 in font nullfont!
Missing character: There is no 代 in font nullfont!
Missing character: There is no 中 in font nullfont!
Missing character: There is no 国 in font nullfont!
Missing character: There is no 半 in font nullfont!
Missing character: There is no 殖 in font nullfont!
Missing character: There is no 民 in font nullfont!
Missing character: There is no 地 in font nullfont!
Missing character: There is no 半 in font nullfont!
Missing character: There is no 封 in font nullfont!
Missing character: There is no 建 in font nullfont!
Missing character: There is no 的 in font nullfont!
Missing character: There is no 社 in font nullfont!
Missing character: There is no 会 in font nullfont!
Missing character: There is no 性 in font nullfont!
Missing character: There is no 质 in font nullfont!
Missing character: There is no ， in font nullfont!
Missing character: There is no 决 in font nullfont!
Missing character: There is no 定 in font nullfont!
Missing character: There is no 了 in font nullfont!
Missing character: There is no 社 in font nullfont!
Missing character: There is no 会 in font nullfont!
Missing character: There is no 主 in font nullfont!
Missing character: There is no 要 in font nullfont!
Missing character: There is no 矛 in font nullfont!
Missing character: There is no 盾 in font nullfont!
Missing character: There is no 是 in font nullfont!
Missing character: There is no 帝 in font nullfont!
Missing character: There is no 国 in font nullfont!
Missing character: There is no 主 in font nullfont!
Missing character: There is no 义 in font nullfont!
Missing character: There is no 和 in font nullfont!
Missing character: There is no 中 in font nullfont!
Missing character: There is no 华 in font nullfont!
Missing character: There is no 民 in font nullfont!
Missing character: There is no 族 in font nullfont!
Missing character: There is no 的 in font nullfont!
Missing character: There is no 矛 in font nullfont!
Missing character: There is no 盾 in font nullfont!
Missing character: There is no 、 in font nullfont!
Missing character: There is no 封 in font nullfont!
Missing character: There is no 建 in font nullfont!
Missing character: There is no 主 in font nullfont!
Missing character: There is no 义 in font nullfont!
Missing character: There is no 和 in font nullfont!
Missing character: There is no 人 in font nullfont!
Missing character: There is no 民 in font nullfont!
Missing character: There is no 太 in font nullfont!
Missing character: There is no 众 in font nullfont!
Missing character: There is no 的 in font nullfont!
Missing character: There is no 矛 in font nullfont!
Missing character: There is no 盾 in font nullfont!
Missing character: There is no 。 in font nullfont!
Missing character: There is no 而 in font nullfont!
Missing character: There is no 帝 in font nullfont!
Missing character: There is no 国 in font nullfont!
Missing character: There is no 主 in font nullfont!
Missing character: There is no 义 in font nullfont!
Missing character: There is no 和 in font nullfont!
Missing character: There is no 中 in font nullfont!
Missing character: There is no 华 in font nullfont!
Missing character: There is no 民 in font nullfont!
Missing character: There is no 族 in font nullfont!
Missing character: There is no 的 in font nullfont!
Missing character: There is no 矛 in font nullfont!
Missing character: There is no 盾 in font nullfont!
Missing character: There is no ， in font nullfont!
Missing character: There is no 又 in font nullfont!
Missing character: There is no 是 in font nullfont!
Missing character: There is no 各 in font nullfont!
Missing character: There is no 种 in font nullfont!
Missing character: There is no 矛 in font nullfont!
Missing character: There is no 盾 in font nullfont!
Missing character: There is no 中 in font nullfont!
Missing character: There is no 最 in font nullfont!
Missing character: There is no 主 in font nullfont!
Missing character: There is no 要 in font nullfont!
Missing character: There is no 的 in font nullfont!
Missing character: There is no 矛 in font nullfont!
Missing character: There is no 盾 in font nullfont!
Missing character: There is no 。 in font nullfont!
Missing character: There is no 近 in font nullfont!
Missing character: There is no 代 in font nullfont!
Missing character: There is no 中 in font nullfont!
Missing character: There is no 国 in font nullfont!
Missing character: There is no 社 in font nullfont!
Missing character: There is no 会 in font nullfont!
Missing character: There is no 的 in font nullfont!
Missing character: There is no 性 in font nullfont!
Missing character: There is no 质 in font nullfont!
Missing character: There is no 和 in font nullfont!
Missing character: There is no 主 in font nullfont!
Missing character: There is no 要 in font nullfont!
Missing character: There is no 矛 in font nullfont!
Missing character: There is no 盾 in font nullfont!
Missing character: There is no ， in font nullfont!
Missing character: There is no 决 in font nullfont!
Missing character: There is no 定 in font nullfont!
Missing character: There is no 了 in font nullfont!
Missing character: There is no 近 in font nullfont!
Missing character: There is no 代 in font nullfont!
Missing character: There is no 中 in font nullfont!
Missing character: There is no 国 in font nullfont!
Missing character: There is no 革 in font nullfont!
Missing character: There is no 命 in font nullfont!
Missing character: There is no 的 in font nullfont!
Missing character: There is no 根 in font nullfont!
Missing character: There is no 本 in font nullfont!
Missing character: There is no 任 in font nullfont!
Missing character: There is no 务 in font nullfont!
Missing character: There is no 是 in font nullfont!
Missing character: There is no 推 in font nullfont!
Missing character: There is no 融 in font nullfont!
Missing character: There is no 帝 in font nullfont!
Missing character: There is no 国 in font nullfont!
Missing character: There is no 主 in font nullfont!
Missing character: There is no 义 in font nullfont!
Missing character: There is no 义 in font nullfont!
Missing character: There is no 封 in font nullfont!
Missing character: There is no 建 in font nullfont!
Missing character: There is no 主 in font nullfont!
Missing character: There is no 义 in font nullfont!
Missing character: There is no 和 in font nullfont!
Missing character: There is no 宣 in font nullfont!
Missing character: There is no 僚 in font nullfont!
Missing character: There is no 资 in font nullfont!
Missing character: There is no 本 in font nullfont!
Missing character: There is no 主 in font nullfont!
Missing character: There is no 义 in font nullfont!
Missing character: There is no 的 in font nullfont!
Missing character: There is no 统 in font nullfont!
Missing character: There is no 治 in font nullfont!
Missing character: There is no 。 in font nullfont!
Missing character: There is no 近 in font nullfont!
Missing character: There is no 代 in font nullfont!
Missing character: There is no 中 in font nullfont!
Missing character: There is no 国 in font nullfont!
Missing character: There is no 社 in font nullfont!
Missing character: There is no 会 in font nullfont!
Missing character: There is no 的 in font nullfont!
Missing character: There is no 性 in font nullfont!
Missing character: There is no 质 in font nullfont!
Missing character: There is no 和 in font nullfont!
Missing character: There is no 主 in font nullfont!
Missing character: There is no 要 in font nullfont!
Missing character: There is no 矛 in font nullfont!
Missing character: There is no 盾 in font nullfont!
Missing character: There is no ， in font nullfont!
Missing character: There is no 决 in font nullfont!
Missing character: There is no 定 in font nullfont!
Missing character: There is no 了 in font nullfont!
Missing character: There is no 中 in font nullfont!
Missing character: There is no 国 in font nullfont!
Missing character: There is no 革 in font nullfont!
Missing character: There is no 命 in font nullfont!
Missing character: There is no 是 in font nullfont!
Missing character: There is no 资 in font nullfont!
Missing character: There is no 产 in font nullfont!
Missing character: There is no 阶 in font nullfont!
Missing character: There is no 级 in font nullfont!
Missing character: There is no 民 in font nullfont!
Missing character: There is no 主 in font nullfont!
Missing character: There is no 革 in font nullfont!
Missing character: There is no 命 in font nullfont!
Missing character: There is no 。 in font nullfont!
Missing character: There is no 从 in font nullfont!
Missing character: There is no 鸦 in font nullfont!
Missing character: There is no 片 in font nullfont!
Missing character: There is no 战 in font nullfont!
Missing character: There is no 争 in font nullfont!
Missing character: There is no 到 in font nullfont!
Missing character: There is no 辛 in font nullfont!
Missing character: There is no 亥 in font nullfont!
Missing character: There is no 革 in font nullfont!
Missing character: There is no 命 in font nullfont!
Missing character: There is no 期 in font nullfont!
Missing character: There is no 间 in font nullfont!
Missing character: There is no ， in font nullfont!
Missing character: There is no 中 in font nullfont!
Missing character: There is no 国 in font nullfont!
Missing character: There is no 人 in font nullfont!
Missing character: There is no 民 in font nullfont!
Missing character: There is no 在 in font nullfont!
Missing character: There is no 不 in font nullfont!
Missing character: There is no 同 in font nullfont!
Missing character: There is no 时 in font nullfont!
Missing character: There is no 期 in font nullfont!
Missing character: There is no 和 in font nullfont!
Missing character: There is no 不 in font nullfont!
Missing character: There is no 同 in font nullfont!
Missing character: There is no 程 in font nullfont!
Missing character: There is no 度 in font nullfont!
Missing character: There is no 上 in font nullfont!
Missing character: There is no 进 in font nullfont!
Missing character: There is no 行 in font nullfont!
Missing character: There is no 的 in font nullfont!
Missing character: There is no 反 in font nullfont!
Missing character: There is no 帝 in font nullfont!
Missing character: There is no 反 in font nullfont!
Missing character: There is no 封 in font nullfont!
Missing character: There is no 建 in font nullfont!
Missing character: There is no 的 in font nullfont!
Missing character: There is no 斗 in font nullfont!
Missing character: There is no 争 in font nullfont!
Missing character: There is no ， in font nullfont!
Missing character: There is no 属 in font nullfont!
Missing character: There is no 于 in font nullfont!
Missing character: There is no 旧 in font nullfont!
Missing character: There is no 民 in font nullfont!
Missing character: There is no 主 in font nullfont!
Missing character: There is no 主 in font nullfont!
Missing character: There is no 义 in font nullfont!
Missing character: There is no 革 in font nullfont!
Missing character: There is no 命 in font nullfont!
Missing character: There is no 的 in font nullfont!
Missing character: There is no 范 in font nullfont!
Missing character: There is no 畴 in font nullfont!
Missing character: There is no 。 in font nullfont!
Missing character: There is no 十 in font nullfont!
Missing character: There is no 月 in font nullfont!
Missing character: There is no 革 in font nullfont!
Missing character: There is no 命 in font nullfont!
Missing character: There is no 使 in font nullfont!
Missing character: There is no 中 in font nullfont!
Missing character: There is no 国 in font nullfont!
Missing character: There is no 的 in font nullfont!
Missing character: There is no 资 in font nullfont!
Missing character: There is no 产 in font nullfont!
Missing character: There is no 阶 in font nullfont!
Missing character: There is no 级 in font nullfont!
Missing character: There is no 民 in font nullfont!
Missing character: There is no 主 in font nullfont!
Missing character: There is no 主 in font nullfont!
Missing character: There is no 义 in font nullfont!
Missing character: There is no 革 in font nullfont!
Missing character: There is no 命 in font nullfont!
Missing character: There is no ， in font nullfont!
Missing character: There is no 从 in font nullfont!
Missing character: There is no 原 in font nullfont!
Missing character: There is no 来 in font nullfont!
Missing character: There is no 属 in font nullfont!
Missing character: There is no 于 in font nullfont!
Missing character: There is no 旧 in font nullfont!
Missing character: There is no 的 in font nullfont!
Missing character: There is no 世 in font nullfont!
Missing character: There is no 界 in font nullfont!
Missing character: There is no 资 in font nullfont!
Missing character: There is no 产 in font nullfont!
Missing character: There is no 阶 in font nullfont!
Missing character: There is no 级 in font nullfont!
Missing character: There is no 民 in font nullfont!
Missing character: There is no 主 in font nullfont!
Missing character: There is no 主 in font nullfont!
Missing character: There is no 义 in font nullfont!
Missing character: There is no 革 in font nullfont!
Missing character: There is no 命 in font nullfont!
Missing character: There is no 的 in font nullfont!
Missing character: There is no 范 in font nullfont!
Missing character: There is no 畴 in font nullfont!
Missing character: There is no ， in font nullfont!
Missing character: There is no 属 in font nullfont!
Missing character: There is no 于 in font nullfont!
Missing character: There is no 旧 in font nullfont!
Missing character: There is no 的 in font nullfont!
Missing character: There is no 世 in font nullfont!
Missing character: There is no 界 in font nullfont!
Missing character: There is no 餐 in font nullfont!
Missing character: There is no 产 in font nullfont!
Missing character: There is no 阶 in font nullfont!
Missing character: There is no 级 in font nullfont!
Missing character: There is no 民 in font nullfont!
Missing character: There is no 主 in font nullfont!
Missing character: There is no 义 in font nullfont!
Missing character: There is no 革 in font nullfont!
Missing character: There is no 命 in font nullfont!
Missing character: There is no 的 in font nullfont!
Missing character: There is no 一 in font nullfont!
Missing character: There is no 部 in font nullfont!
Missing character: There is no 分 in font nullfont!
Missing character: There is no ， in font nullfont!
Missing character: There is no 转 in font nullfont!
Missing character: There is no 变 in font nullfont!
Missing character: There is no 为 in font nullfont!
Missing character: There is no 属 in font nullfont!
Missing character: There is no 于 in font nullfont!
Missing character: There is no 新 in font nullfont!
Missing character: There is no 的 in font nullfont!
Missing character: There is no 资 in font nullfont!
Missing character: There is no 产 in font nullfont!
Missing character: There is no 阶 in font nullfont!
Missing character: There is no 级 in font nullfont!
Missing character: There is no 民 in font nullfont!
Missing character: There is no 主 in font nullfont!
Missing character: There is no 主 in font nullfont!
Missing character: There is no 义 in font nullfont!
Missing character: There is no 革 in font nullfont!
Missing character: There is no 命 in font nullfont!
Missing character: There is no 的 in font nullfont!
Missing character: There is no 范 in font nullfont!
Missing character: There is no 畴 in font nullfont!
Missing character: There is no ， in font nullfont!
Missing character: There is no 属 in font nullfont!
Missing character: There is no 于 in font nullfont!
Missing character: There is no 世 in font nullfont!
Missing character: There is no 界 in font nullfont!
Missing character: There is no 无 in font nullfont!
Missing character: There is no 产 in font nullfont!
Missing character: There is no 阶 in font nullfont!
Missing character: There is no 级 in font nullfont!
Missing character: There is no 社 in font nullfont!
Missing character: There is no 会 in font nullfont!
Missing character: There is no 主 in font nullfont!
Missing character: There is no 义 in font nullfont!
Missing character: There is no 革 in font nullfont!
Missing character: There is no 命 in font nullfont!
Missing character: There is no 的 in font nullfont!
Missing character: There is no 一 in font nullfont!
Missing character: There is no 部 in font nullfont!
Missing character: There is no 分 in font nullfont!
Missing character: There is no 。 in font nullfont!
Missing character: There is no 近 in font nullfont!
Missing character: There is no 代 in font nullfont!
Missing character: There is no 中 in font nullfont!
Missing character: There is no 国 in font nullfont!
Missing character: There is no 革 in font nullfont!
Missing character: There is no 命 in font nullfont!
Missing character: There is no 五 in font nullfont!
Missing character: There is no 四 in font nullfont!
Missing character: There is no 运 in font nullfont!
Missing character: There is no 动 in font nullfont!
Missing character: There is no 为 in font nullfont!
Missing character: There is no 开 in font nullfont!
Missing character: There is no 端 in font nullfont!
Missing character: There is no ， in font nullfont!
Missing character: There is no 进 in font nullfont!
Missing character: There is no 入 in font nullfont!
Missing character: There is no 新 in font nullfont!
Missing character: There is no 民 in font nullfont!
Missing character: There is no 主 in font nullfont!
Missing character: There is no 主 in font nullfont!
Missing character: There is no 义 in font nullfont!
Missing character: There is no 革 in font nullfont!
Missing character: There is no 命 in font nullfont!
Missing character: There is no 阶 in font nullfont!
Missing character: There is no 段 in font nullfont!
Missing character: There is no 。 in font nullfont!
Missing character: There is no 1 in font nullfont!
Missing character: There is no 9 in font nullfont!
Missing character: There is no 1 in font nullfont!
Missing character: There is no 9 in font nullfont!
Missing character: There is no 年 in font nullfont!
Missing character: There is no 五 in font nullfont!
Missing character: There is no 四 in font nullfont!
Missing character: There is no 运 in font nullfont!
Missing character: There is no 动 in font nullfont!
Missing character: There is no 之 in font nullfont!
Missing character: There is no 后 in font nullfont!
Missing character: There is no ， in font nullfont!
Missing character: There is no 中 in font nullfont!
Missing character: There is no 国 in font nullfont!
Missing character: There is no 无 in font nullfont!
Missing character: There is no 产 in font nullfont!
Missing character: There is no 阶 in font nullfont!
Missing character: There is no 级 in font nullfont!
Missing character: There is no 开 in font nullfont!
Missing character: There is no 始 in font nullfont!
Missing character: There is no 以 in font nullfont!
Missing character: There is no 独 in font nullfont!
Missing character: There is no 立 in font nullfont!
Missing character: There is no 的 in font nullfont!
Missing character: There is no 政 in font nullfont!
Missing character: There is no 治 in font nullfont!
Missing character: There is no 力 in font nullfont!
Missing character: There is no 量 in font nullfont!
Missing character: There is no 登 in font nullfont!
Missing character: There is no 上 in font nullfont!
Missing character: There is no 历 in font nullfont!
Missing character: There is no 史 in font nullfont!
Missing character: There is no 舞 in font nullfont!
Missing character: There is no 台 in font nullfont!
Missing character: There is no ， in font nullfont!
Missing character: There is no 由 in font nullfont!
Missing character: There is no 自 in font nullfont!
Missing character: There is no 在 in font nullfont!
Missing character: There is no 阶 in font nullfont!
Missing character: There is no 级 in font nullfont!
Missing character: There is no 转 in font nullfont!
Missing character: There is no 变 in font nullfont!
Missing character: There is no 为 in font nullfont!
Missing character: There is no 自 in font nullfont!
Missing character: There is no 为 in font nullfont!
Missing character: There is no 的 in font nullfont!
Missing character: There is no 阶 in font nullfont!
Missing character: There is no 级 in font nullfont!
Missing character: There is no 。 in font nullfont!
! Undefined control sequence.
l.17 \subsection
                {中国新民主主义革命理论的实践基础}
The control sequence at the end of the top line
of your error message was never \def'ed. If you have
misspelled it (e.g., `\hobx'), type `I' and the correct
spelling (e.g., `I\hbox'). Otherwise just continue,
and I'll forget about whatever was undefined.

Missing character: There is no 中 in font nullfont!
Missing character: There is no 国 in font nullfont!
Missing character: There is no 新 in font nullfont!
Missing character: There is no 民 in font nullfont!
Missing character: There is no 主 in font nullfont!
Missing character: There is no 主 in font nullfont!
Missing character: There is no 义 in font nullfont!
Missing character: There is no 革 in font nullfont!
Missing character: There is no 命 in font nullfont!
Missing character: There is no 理 in font nullfont!
Missing character: There is no 论 in font nullfont!
Missing character: There is no 的 in font nullfont!
Missing character: There is no 实 in font nullfont!
Missing character: There is no 践 in font nullfont!
Missing character: There is no 基 in font nullfont!
Missing character: There is no 础 in font nullfont!
Missing character: There is no 新 in font nullfont!
Missing character: There is no 民 in font nullfont!
Missing character: There is no 主 in font nullfont!
Missing character: There is no 主 in font nullfont!
Missing character: There is no 义 in font nullfont!
Missing character: There is no 革 in font nullfont!
Missing character: There is no 命 in font nullfont!
Missing character: There is no 理 in font nullfont!
Missing character: There is no 论 in font nullfont!
Missing character: There is no 的 in font nullfont!
Missing character: There is no 形 in font nullfont!
Missing character: There is no 成 in font nullfont!
Missing character: There is no ， in font nullfont!
Missing character: There is no 一 in font nullfont!
Missing character: There is no 是 in font nullfont!
Missing character: There is no 基 in font nullfont!
Missing character: There is no 于 in font nullfont!
Missing character: There is no 旧 in font nullfont!
Missing character: There is no 民 in font nullfont!
Missing character: There is no 主 in font nullfont!
Missing character: There is no 主 in font nullfont!
Missing character: There is no 义 in font nullfont!
Missing character: There is no 革 in font nullfont!
Missing character: There is no 命 in font nullfont!
Missing character: There is no 没 in font nullfont!
Missing character: There is no 有 in font nullfont!
Missing character: There is no 为 in font nullfont!
Missing character: There is no 中 in font nullfont!
Missing character: There is no 国 in font nullfont!
Missing character: There is no 民 in font nullfont!
Missing character: There is no 族 in font nullfont!
Missing character: There is no 找 in font nullfont!
Missing character: There is no 到 in font nullfont!
Missing character: There is no 出 in font nullfont!
Missing character: There is no 路 in font nullfont!
Missing character: There is no ； in font nullfont!
Missing character: There is no 二 in font nullfont!
Missing character: There is no 是 in font nullfont!
Missing character: There is no 新 in font nullfont!
Missing character: There is no 民 in font nullfont!
Missing character: There is no 主 in font nullfont!
Missing character: There is no 主 in font nullfont!
Missing character: There is no 义 in font nullfont!
Missing character: There is no 革 in font nullfont!
Missing character: There is no 命 in font nullfont!
Missing character: There is no 的 in font nullfont!
Missing character: There is no 实 in font nullfont!
Missing character: There is no 践 in font nullfont!
Missing character: There is no 需 in font nullfont!
Missing character: There is no 要 in font nullfont!
Missing character: There is no 以 in font nullfont!
Missing character: There is no 及 in font nullfont!
Missing character: There is no 对 in font nullfont!
Missing character: There is no 中 in font nullfont!
Missing character: There is no 国 in font nullfont!
Missing character: There is no 革 in font nullfont!
Missing character: There is no 命 in font nullfont!
Missing character: There is no 经 in font nullfont!
Missing character: There is no 验 in font nullfont!
Missing character: There is no 教 in font nullfont!
Missing character: There is no 训 in font nullfont!
Missing character: There is no 的 in font nullfont!
Missing character: There is no 概 in font nullfont!
Missing character: There is no 括 in font nullfont!
Missing character: There is no 和 in font nullfont!
Missing character: There is no 总 in font nullfont!
Missing character: There is no 结 in font nullfont!
Missing character: There is no 。 in font nullfont!
Missing character: There is no 旧 in font nullfont!
Missing character: There is no 民 in font nullfont!
Missing character: There is no 主 in font nullfont!
Missing character: There is no 主 in font nullfont!
Missing character: There is no 义 in font nullfont!
Missing character: There is no 革 in font nullfont!
Missing character: There is no 命 in font nullfont!
Missing character: There is no 的 in font nullfont!
Missing character: There is no 失 in font nullfont!
Missing character: There is no 败 in font nullfont!
Missing character: There is no 呼 in font nullfont!
Missing character: There is no 唤 in font nullfont!
Missing character: There is no 着 in font nullfont!
Missing character: There is no 新 in font nullfont!
Missing character: There is no 民 in font nullfont!
Missing character: There is no 主 in font nullfont!
Missing character: There is no 理 in font nullfont!
Missing character: There is no 论 in font nullfont!
Missing character: There is no 的 in font nullfont!
Missing character: There is no 产 in font nullfont!
Missing character: There is no 生 in font nullfont!
Missing character: There is no 。 in font nullfont!
Missing character: There is no 新 in font nullfont!
Missing character: There is no 民 in font nullfont!
Missing character: There is no 主 in font nullfont!
Missing character: There is no 主 in font nullfont!
Missing character: There is no 义 in font nullfont!
Missing character: There is no 革 in font nullfont!
Missing character: There is no 命 in font nullfont!
Missing character: There is no 的 in font nullfont!
Missing character: There is no 实 in font nullfont!
Missing character: There is no 践 in font nullfont!
Missing character: There is no 探 in font nullfont!
Missing character: There is no 索 in font nullfont!
Missing character: There is no 坚 in font nullfont!
Missing character: There is no 定 in font nullfont!
Missing character: There is no 了 in font nullfont!
Missing character: There is no 革 in font nullfont!
Missing character: There is no 命 in font nullfont!
Missing character: There is no 理 in font nullfont!
Missing character: There is no 论 in font nullfont!
Missing character: There is no 的 in font nullfont!
Missing character: There is no 基 in font nullfont!
Missing character: There is no 础 in font nullfont!
Missing character: There is no 。 in font nullfont!
Missing character: There is no 新 in font nullfont!
Missing character: There is no 民 in font nullfont!
Missing character: There is no 主 in font nullfont!
Missing character: There is no 主 in font nullfont!
Missing character: There is no 义 in font nullfont!
Missing character: There is no 革 in font nullfont!
Missing character: There is no 命 in font nullfont!
Missing character: There is no 实 in font nullfont!
Missing character: There is no 践 in font nullfont!
Missing character: There is no ， in font nullfont!
Missing character: There is no 是 in font nullfont!
Missing character: There is no 新 in font nullfont!
Missing character: There is no 民 in font nullfont!
Missing character: There is no 主 in font nullfont!
Missing character: There is no 主 in font nullfont!
Missing character: There is no 义 in font nullfont!
Missing character: There is no 理 in font nullfont!
Missing character: There is no 论 in font nullfont!
Missing character: There is no 得 in font nullfont!
Missing character: There is no 以 in font nullfont!
Missing character: There is no 形 in font nullfont!
Missing character: There is no 成 in font nullfont!
Missing character: There is no 的 in font nullfont!
Missing character: There is no 实 in font nullfont!
Missing character: There is no 践 in font nullfont!
Missing character: There is no 基 in font nullfont!
Missing character: There is no 础 in font nullfont!
Missing character: There is no 和 in font nullfont!
Missing character: There is no 智 in font nullfont!
Missing character: There is no 慧 in font nullfont!
Missing character: There is no 源 in font nullfont!
Missing character: There is no 泉 in font nullfont!
Missing character: There is no 所 in font nullfont!
Missing character: There is no 在 in font nullfont!
Missing character: There is no 。 in font nullfont!
)
! Emergency stop.
<*> maogai_chap2.tex
                    
*** (job aborted, no legal \end found)

 
Here is how much of TeX's memory you used:
 8 strings out of 492922
 96 string characters out of 6136751
 65272 words of memory out of 5000000
 4157 multiletter control sequences out of 15000+600000
 3640 words of font info for 14 fonts, out of 8000000 for 9000
 1348 hyphenation exceptions out of 8191
 5i,1n,4p,129b,102s stack positions out of 5000i,500n,10000p,200000b,80000s
No pages of output.
